Time Generated: 2025-02-20 01:19:04
Source Name: Microsoft-Windows-Security-Auditing
Event ID: 5379
Event Type: 8
Event Category: 13824
Message: Credential Manager credentials were read.

Subject:
	Security ID:		S-1-5-21-1476557424-617089960-3552551819-1001
	Account Name:		kcraq
	Account Domain:		DESKTOP-G6V1AVE
	Logon ID:		0x8f167
	Read Operation:		%%8100

This event occurs when a user performs a read operation on stored credentials in Credential Manager.

----------------------------------------
Time Generated: 2025-02-20 01:19:04
Source Name: Microsoft-Windows-Security-Auditing
Event ID: 5379
Event Type: 8
Event Category: 13824
Message: Credential Manager credentials were read.

Subject:
	Security ID:		S-1-5-21-1476557424-617089960-3552551819-1001
	Account Name:		kcraq
	Account Domain:		DESKTOP-G6V1AVE
	Logon ID:		0x8f167
	Read Operation:		%%8100

This event occurs when a user performs a read operation on stored credentials in Credential Manager.

----------------------------------------
Time Generated: 2025-02-20 01:19:04
Source Name: Microsoft-Windows-Security-Auditing
Event ID: 5379
Event Type: 8
Event Category: 13824
Message: Credential Manager credentials were read.

Subject:
	Security ID:		S-1-5-21-1476557424-617089960-3552551819-1001
	Account Name:		kcraq
	Account Domain:		DESKTOP-G6V1AVE
	Logon ID:		0x8f167
	Read Operation:		%%8100

This event occurs when a user performs a read operation on stored credentials in Credential Manager.

----------------------------------------
Time Generated: 2025-02-20 01:19:04
Source Name: Microsoft-Windows-Security-Auditing
Event ID: 5379
Event Type: 8
Event Category: 13824
Message: Credential Manager credentials were read.

Subject:
	Security ID:		S-1-5-21-1476557424-617089960-3552551819-1001
	Account Name:		kcraq
	Account Domain:		DESKTOP-G6V1AVE
	Logon ID:		0x8f167
	Read Operation:		%%8100

This event occurs when a user performs a read operation on stored credentials in Credential Manager.

----------------------------------------
Time Generated: 2025-02-20 01:19:04
Source Name: Microsoft-Windows-Security-Auditing
Event ID: 5379
Event Type: 8
Event Category: 13824
Message: Credential Manager credentials were read.

Subject:
	Security ID:		S-1-5-21-1476557424-617089960-3552551819-1001
	Account Name:		kcraq
	Account Domain:		DESKTOP-G6V1AVE
	Logon ID:		0x8f167
	Read Operation:		%%8100

This event occurs when a user performs a read operation on stored credentials in Credential Manager.

----------------------------------------
Time Generated: 2025-02-20 01:19:04
Source Name: Microsoft-Windows-Security-Auditing
Event ID: 5379
Event Type: 8
Event Category: 13824
Message: Credential Manager credentials were read.

Subject:
	Security ID:		S-1-5-21-1476557424-617089960-3552551819-1001
	Account Name:		kcraq
	Account Domain:		DESKTOP-G6V1AVE
	Logon ID:		0x8f167
	Read Operation:		%%8100

This event occurs when a user performs a read operation on stored credentials in Credential Manager.

----------------------------------------
Time Generated: 2025-02-20 01:19:04
Source Name: Microsoft-Windows-Security-Auditing
Event ID: 5379
Event Type: 8
Event Category: 13824
Message: Credential Manager credentials were read.

Subject:
	Security ID:		S-1-5-21-1476557424-617089960-3552551819-1001
	Account Name:		kcraq
	Account Domain:		DESKTOP-G6V1AVE
	Logon ID:		0x8f167
	Read Operation:		%%8100

This event occurs when a user performs a read operation on stored credentials in Credential Manager.

----------------------------------------
Time Generated: 2025-02-20 01:19:04
Source Name: Microsoft-Windows-Security-Auditing
Event ID: 5379
Event Type: 8
Event Category: 13824
Message: Credential Manager credentials were read.

Subject:
	Security ID:		S-1-5-21-1476557424-617089960-3552551819-1001
	Account Name:		kcraq
	Account Domain:		DESKTOP-G6V1AVE
	Logon ID:		0x8f167
	Read Operation:		%%8100

This event occurs when a user performs a read operation on stored credentials in Credential Manager.

----------------------------------------
Time Generated: 2025-02-20 01:19:04
Source Name: Microsoft-Windows-Security-Auditing
Event ID: 5379
Event Type: 8
Event Category: 13824
Message: Credential Manager credentials were read.

Subject:
	Security ID:		S-1-5-18
	Account Name:		DESKTOP-G6V1AVE$
	Account Domain:		WORKGROUP
	Logon ID:		0x3e7
	Read Operation:		%%8100

This event occurs when a user performs a read operation on stored credentials in Credential Manager.

----------------------------------------
Time Generated: 2025-02-20 01:19:04
Source Name: Microsoft-Windows-Security-Auditing
Event ID: 5379
Event Type: 8
Event Category: 13824
Message: Credential Manager credentials were read.

Subject:
	Security ID:		S-1-5-18
	Account Name:		DESKTOP-G6V1AVE$
	Account Domain:		WORKGROUP
	Logon ID:		0x3e7
	Read Operation:		%%8100

This event occurs when a user performs a read operation on stored credentials in Credential Manager.

----------------------------------------
Time Generated: 2025-02-20 01:19:04
Source Name: Microsoft-Windows-Security-Auditing
Event ID: 5379
Event Type: 8
Event Category: 13824
Message: Credential Manager credentials were read.

Subject:
	Security ID:		S-1-5-18
	Account Name:		DESKTOP-G6V1AVE$
	Account Domain:		WORKGROUP
	Logon ID:		0x3e7
	Read Operation:		%%8100

This event occurs when a user performs a read operation on stored credentials in Credential Manager.

----------------------------------------
Time Generated: 2025-02-20 01:19:04
Source Name: Microsoft-Windows-Security-Auditing
Event ID: 5379
Event Type: 8
Event Category: 13824
Message: Credential Manager credentials were read.

Subject:
	Security ID:		S-1-5-21-1476557424-617089960-3552551819-1001
	Account Name:		kcraq
	Account Domain:		DESKTOP-G6V1AVE
	Logon ID:		0x8f167
	Read Operation:		%%8100

This event occurs when a user performs a read operation on stored credentials in Credential Manager.

----------------------------------------
Time Generated: 2025-02-20 01:19:04
Source Name: Microsoft-Windows-Security-Auditing
Event ID: 5379
Event Type: 8
Event Category: 13824
Message: Credential Manager credentials were read.

Subject:
	Security ID:		S-1-5-21-1476557424-617089960-3552551819-1001
	Account Name:		kcraq
	Account Domain:		DESKTOP-G6V1AVE
	Logon ID:		0x8f167
	Read Operation:		%%8100

This event occurs when a user performs a read operation on stored credentials in Credential Manager.

----------------------------------------
Time Generated: 2025-02-20 01:19:04
Source Name: Microsoft-Windows-Security-Auditing
Event ID: 5379
Event Type: 8
Event Category: 13824
Message: Credential Manager credentials were read.

Subject:
	Security ID:		S-1-5-21-1476557424-617089960-3552551819-1001
	Account Name:		kcraq
	Account Domain:		DESKTOP-G6V1AVE
	Logon ID:		0x8f167
	Read Operation:		%%8100

This event occurs when a user performs a read operation on stored credentials in Credential Manager.

----------------------------------------
Time Generated: 2025-02-20 01:19:04
Source Name: Microsoft-Windows-Security-Auditing
Event ID: 4672
Event Type: 8
Event Category: 12548
Message: Special privileges assigned to new logon.

Subject:
	Security ID:		S-1-5-18
	Account Name:		SYSTEM
	Account Domain:		NT AUTHORITY
	Logon ID:		0x3e7

Privileges:		SeAssignPrimaryTokenPrivilege
			SeTcbPrivilege
			SeSecurityPrivilege
			SeTakeOwnershipPrivilege
			SeLoadDriverPrivilege
			SeBackupPrivilege
			SeRestorePrivilege
			SeDebugPrivilege
			SeAuditPrivilege
			SeSystemEnvironmentPrivilege
			SeImpersonatePrivilege
			SeDelegateSessionUserImpersonatePrivilege

----------------------------------------
Time Generated: 2025-02-20 01:19:04
Source Name: Microsoft-Windows-Security-Auditing
Event ID: 4624
Event Type: 8
Event Category: 12544
Message: An account was successfully logged on.

Subject:
	Security ID:		S-1-5-18
	Account Name:		DESKTOP-G6V1AVE$
	Account Domain:		WORKGROUP
	Logon ID:		0x3e7

Logon Information:
	Logon Type:		5
	Restricted Admin Mode:	-
	Remote Credential Guard:	-
	Virtual Account:		%%1843
	Elevated Token:		%%1842

Impersonation Level:		%%1833

New Logon:
	Security ID:		S-1-5-18
	Account Name:		SYSTEM
	Account Domain:		NT AUTHORITY
	Logon ID:		0x3e7
	Linked Logon ID:		0x0
	Network Account Name:	-
	Network Account Domain:	-
	Logon GUID:		{00000000-0000-0000-0000-000000000000}

Process Information:
	Process ID:		0x3cc
	Process Name:		C:\Windows\System32\services.exe

Network Information:
	Workstation Name:	-
	Source Network Address:	-
	Source Port:		-

Detailed Authentication Information:
	Logon Process:		Advapi  
	Authentication Package:	Negotiate
	Transited Services:	-
	Package Name (NTLM only):	-
	Key Length:		0

This event is generated when a logon session is created. It is generated on the computer that was accessed.

The subject fields indicate the account on the local system which requested the logon. This is most commonly a service such as the Server service, or a local process such as Winlogon.exe or Services.exe.

The logon type field indicates the kind of logon that occurred. The most common types are 2 (interactive) and 3 (network).

The New Logon fields indicate the account for whom the new logon was created, i.e. the account that was logged on.

The network fields indicate where a remote logon request originated. Workstation name is not always available and may be left blank in some cases.

The impersonation level field indicates the extent to which a process in the logon session can impersonate.

The authentication information fields provide detailed information about this specific logon request.
	- Logon GUID is a unique identifier that can be used to correlate this event with a KDC event.
	- Transited services indicate which intermediate services have participated in this logon request.
	- Package name indicates which sub-protocol was used among the NTLM protocols.
	- Key length indicates the length of the generated session key. This will be 0 if no session key was requested.

----------------------------------------
Time Generated: 2025-02-20 01:19:03
Source Name: Microsoft-Windows-Security-Auditing
Event ID: 4672
Event Type: 8
Event Category: 12548
Message: Special privileges assigned to new logon.

Subject:
	Security ID:		S-1-5-18
	Account Name:		SYSTEM
	Account Domain:		NT AUTHORITY
	Logon ID:		0x3e7

Privileges:		SeAssignPrimaryTokenPrivilege
			SeTcbPrivilege
			SeSecurityPrivilege
			SeTakeOwnershipPrivilege
			SeLoadDriverPrivilege
			SeBackupPrivilege
			SeRestorePrivilege
			SeDebugPrivilege
			SeAuditPrivilege
			SeSystemEnvironmentPrivilege
			SeImpersonatePrivilege
			SeDelegateSessionUserImpersonatePrivilege

----------------------------------------
Time Generated: 2025-02-20 01:19:03
Source Name: Microsoft-Windows-Security-Auditing
Event ID: 4624
Event Type: 8
Event Category: 12544
Message: An account was successfully logged on.

Subject:
	Security ID:		S-1-5-18
	Account Name:		DESKTOP-G6V1AVE$
	Account Domain:		WORKGROUP
	Logon ID:		0x3e7

Logon Information:
	Logon Type:		5
	Restricted Admin Mode:	-
	Remote Credential Guard:	-
	Virtual Account:		%%1843
	Elevated Token:		%%1842

Impersonation Level:		%%1833

New Logon:
	Security ID:		S-1-5-18
	Account Name:		SYSTEM
	Account Domain:		NT AUTHORITY
	Logon ID:		0x3e7
	Linked Logon ID:		0x0
	Network Account Name:	-
	Network Account Domain:	-
	Logon GUID:		{00000000-0000-0000-0000-000000000000}

Process Information:
	Process ID:		0x3cc
	Process Name:		C:\Windows\System32\services.exe

Network Information:
	Workstation Name:	-
	Source Network Address:	-
	Source Port:		-

Detailed Authentication Information:
	Logon Process:		Advapi  
	Authentication Package:	Negotiate
	Transited Services:	-
	Package Name (NTLM only):	-
	Key Length:		0

This event is generated when a logon session is created. It is generated on the computer that was accessed.

The subject fields indicate the account on the local system which requested the logon. This is most commonly a service such as the Server service, or a local process such as Winlogon.exe or Services.exe.

The logon type field indicates the kind of logon that occurred. The most common types are 2 (interactive) and 3 (network).

The New Logon fields indicate the account for whom the new logon was created, i.e. the account that was logged on.

The network fields indicate where a remote logon request originated. Workstation name is not always available and may be left blank in some cases.

The impersonation level field indicates the extent to which a process in the logon session can impersonate.

The authentication information fields provide detailed information about this specific logon request.
	- Logon GUID is a unique identifier that can be used to correlate this event with a KDC event.
	- Transited services indicate which intermediate services have participated in this logon request.
	- Package name indicates which sub-protocol was used among the NTLM protocols.
	- Key length indicates the length of the generated session key. This will be 0 if no session key was requested.

----------------------------------------
Time Generated: 2025-02-20 01:14:39
Source Name: Microsoft-Windows-Security-Auditing
Event ID: 5061
Event Type: 8
Event Category: 12290
Message: Cryptographic operation.

Subject:
	Security ID:		S-1-5-21-1476557424-617089960-3552551819-1001
	Account Name:		kcraq
	Account Domain:		DESKTOP-G6V1AVE
	Logon ID:		0x8f167

Cryptographic Parameters:
	Provider Name:	Microsoft Software Key Storage Provider
	Algorithm Name:	RSA
	Key Name:	TB_0_office.com
	Key Type:	%%2500

Cryptographic Operation:
	Operation:	%%2480
	Return Code:	0x0

----------------------------------------
Time Generated: 2025-02-20 01:14:39
Source Name: Microsoft-Windows-Security-Auditing
Event ID: 5061
Event Type: 8
Event Category: 12290
Message: Cryptographic operation.

Subject:
	Security ID:		S-1-5-21-1476557424-617089960-3552551819-1001
	Account Name:		kcraq
	Account Domain:		DESKTOP-G6V1AVE
	Logon ID:		0x8f167

Cryptographic Parameters:
	Provider Name:	Microsoft Software Key Storage Provider
	Algorithm Name:	RSA
	Key Name:	TB_0_office.net
	Key Type:	%%2500

Cryptographic Operation:
	Operation:	%%2480
	Return Code:	0x0

----------------------------------------
Time Generated: 2025-02-20 01:14:38
Source Name: Microsoft-Windows-Security-Auditing
Event ID: 5379
Event Type: 8
Event Category: 13824
Message: Credential Manager credentials were read.

Subject:
	Security ID:		S-1-5-21-1476557424-617089960-3552551819-1001
	Account Name:		kcraq
	Account Domain:		DESKTOP-G6V1AVE
	Logon ID:		0x8f167
	Read Operation:		%%8100

This event occurs when a user performs a read operation on stored credentials in Credential Manager.

----------------------------------------
Time Generated: 2025-02-20 01:14:38
Source Name: Microsoft-Windows-Security-Auditing
Event ID: 5379
Event Type: 8
Event Category: 13824
Message: Credential Manager credentials were read.

Subject:
	Security ID:		S-1-5-21-1476557424-617089960-3552551819-1001
	Account Name:		kcraq
	Account Domain:		DESKTOP-G6V1AVE
	Logon ID:		0x8f167
	Read Operation:		%%8100

This event occurs when a user performs a read operation on stored credentials in Credential Manager.

----------------------------------------
Time Generated: 2025-02-20 01:14:38
Source Name: Microsoft-Windows-Security-Auditing
Event ID: 5379
Event Type: 8
Event Category: 13824
Message: Credential Manager credentials were read.

Subject:
	Security ID:		S-1-5-21-1476557424-617089960-3552551819-1001
	Account Name:		kcraq
	Account Domain:		DESKTOP-G6V1AVE
	Logon ID:		0x8f167
	Read Operation:		%%8100

This event occurs when a user performs a read operation on stored credentials in Credential Manager.

----------------------------------------
Time Generated: 2025-02-20 01:14:38
Source Name: Microsoft-Windows-Security-Auditing
Event ID: 5379
Event Type: 8
Event Category: 13824
Message: Credential Manager credentials were read.

Subject:
	Security ID:		S-1-5-21-1476557424-617089960-3552551819-1001
	Account Name:		kcraq
	Account Domain:		DESKTOP-G6V1AVE
	Logon ID:		0x8f167
	Read Operation:		%%8100

This event occurs when a user performs a read operation on stored credentials in Credential Manager.

----------------------------------------
Time Generated: 2025-02-20 01:14:37
Source Name: Microsoft-Windows-Security-Auditing
Event ID: 5061
Event Type: 8
Event Category: 12290
Message: Cryptographic operation.

Subject:
	Security ID:		S-1-5-21-1476557424-617089960-3552551819-1001
	Account Name:		kcraq
	Account Domain:		DESKTOP-G6V1AVE
	Logon ID:		0x8f167

Cryptographic Parameters:
	Provider Name:	Microsoft Software Key Storage Provider
	Algorithm Name:	RSA
	Key Name:	TB_0_msn.com
	Key Type:	%%2500

Cryptographic Operation:
	Operation:	%%2480
	Return Code:	0x0

----------------------------------------
Time Generated: 2025-02-20 01:14:37
Source Name: Microsoft-Windows-Security-Auditing
Event ID: 5379
Event Type: 8
Event Category: 13824
Message: Credential Manager credentials were read.

Subject:
	Security ID:		S-1-5-21-1476557424-617089960-3552551819-1001
	Account Name:		kcraq
	Account Domain:		DESKTOP-G6V1AVE
	Logon ID:		0x8f167
	Read Operation:		%%8100

This event occurs when a user performs a read operation on stored credentials in Credential Manager.

----------------------------------------
Time Generated: 2025-02-20 01:14:37
Source Name: Microsoft-Windows-Security-Auditing
Event ID: 5379
Event Type: 8
Event Category: 13824
Message: Credential Manager credentials were read.

Subject:
	Security ID:		S-1-5-21-1476557424-617089960-3552551819-1001
	Account Name:		kcraq
	Account Domain:		DESKTOP-G6V1AVE
	Logon ID:		0x8f167
	Read Operation:		%%8100

This event occurs when a user performs a read operation on stored credentials in Credential Manager.

----------------------------------------
Time Generated: 2025-02-20 01:14:37
Source Name: Microsoft-Windows-Security-Auditing
Event ID: 5379
Event Type: 8
Event Category: 13824
Message: Credential Manager credentials were read.

Subject:
	Security ID:		S-1-5-21-1476557424-617089960-3552551819-1001
	Account Name:		kcraq
	Account Domain:		DESKTOP-G6V1AVE
	Logon ID:		0x8f167
	Read Operation:		%%8100

This event occurs when a user performs a read operation on stored credentials in Credential Manager.

----------------------------------------
Time Generated: 2025-02-20 01:14:37
Source Name: Microsoft-Windows-Security-Auditing
Event ID: 5379
Event Type: 8
Event Category: 13824
Message: Credential Manager credentials were read.

Subject:
	Security ID:		S-1-5-21-1476557424-617089960-3552551819-1001
	Account Name:		kcraq
	Account Domain:		DESKTOP-G6V1AVE
	Logon ID:		0x8f167
	Read Operation:		%%8100

This event occurs when a user performs a read operation on stored credentials in Credential Manager.

----------------------------------------
Time Generated: 2025-02-20 01:14:37
Source Name: Microsoft-Windows-Security-Auditing
Event ID: 5379
Event Type: 8
Event Category: 13824
Message: Credential Manager credentials were read.

Subject:
	Security ID:		S-1-5-21-1476557424-617089960-3552551819-1001
	Account Name:		kcraq
	Account Domain:		DESKTOP-G6V1AVE
	Logon ID:		0x8f167
	Read Operation:		%%8100

This event occurs when a user performs a read operation on stored credentials in Credential Manager.

----------------------------------------
Time Generated: 2025-02-20 01:14:37
Source Name: Microsoft-Windows-Security-Auditing
Event ID: 5379
Event Type: 8
Event Category: 13824
Message: Credential Manager credentials were read.

Subject:
	Security ID:		S-1-5-21-1476557424-617089960-3552551819-1001
	Account Name:		kcraq
	Account Domain:		DESKTOP-G6V1AVE
	Logon ID:		0x8f167
	Read Operation:		%%8100

This event occurs when a user performs a read operation on stored credentials in Credential Manager.

----------------------------------------
Time Generated: 2025-02-20 01:14:37
Source Name: Microsoft-Windows-Security-Auditing
Event ID: 5379
Event Type: 8
Event Category: 13824
Message: Credential Manager credentials were read.

Subject:
	Security ID:		S-1-5-21-1476557424-617089960-3552551819-1001
	Account Name:		kcraq
	Account Domain:		DESKTOP-G6V1AVE
	Logon ID:		0x8f167
	Read Operation:		%%8100

This event occurs when a user performs a read operation on stored credentials in Credential Manager.

----------------------------------------
Time Generated: 2025-02-20 01:14:37
Source Name: Microsoft-Windows-Security-Auditing
Event ID: 5379
Event Type: 8
Event Category: 13824
Message: Credential Manager credentials were read.

Subject:
	Security ID:		S-1-5-21-1476557424-617089960-3552551819-1001
	Account Name:		kcraq
	Account Domain:		DESKTOP-G6V1AVE
	Logon ID:		0x8f167
	Read Operation:		%%8100

This event occurs when a user performs a read operation on stored credentials in Credential Manager.

----------------------------------------
Time Generated: 2025-02-20 01:14:37
Source Name: Microsoft-Windows-Security-Auditing
Event ID: 5379
Event Type: 8
Event Category: 13824
Message: Credential Manager credentials were read.

Subject:
	Security ID:		S-1-5-21-1476557424-617089960-3552551819-1001
	Account Name:		kcraq
	Account Domain:		DESKTOP-G6V1AVE
	Logon ID:		0x8f167
	Read Operation:		%%8100

This event occurs when a user performs a read operation on stored credentials in Credential Manager.

----------------------------------------
Time Generated: 2025-02-20 01:14:37
Source Name: Microsoft-Windows-Security-Auditing
Event ID: 5379
Event Type: 8
Event Category: 13824
Message: Credential Manager credentials were read.

Subject:
	Security ID:		S-1-5-18
	Account Name:		DESKTOP-G6V1AVE$
	Account Domain:		WORKGROUP
	Logon ID:		0x3e7
	Read Operation:		%%8100

This event occurs when a user performs a read operation on stored credentials in Credential Manager.

----------------------------------------
Time Generated: 2025-02-20 01:14:37
Source Name: Microsoft-Windows-Security-Auditing
Event ID: 5379
Event Type: 8
Event Category: 13824
Message: Credential Manager credentials were read.

Subject:
	Security ID:		S-1-5-18
	Account Name:		DESKTOP-G6V1AVE$
	Account Domain:		WORKGROUP
	Logon ID:		0x3e7
	Read Operation:		%%8100

This event occurs when a user performs a read operation on stored credentials in Credential Manager.

----------------------------------------
Time Generated: 2025-02-20 01:14:37
Source Name: Microsoft-Windows-Security-Auditing
Event ID: 5379
Event Type: 8
Event Category: 13824
Message: Credential Manager credentials were read.

Subject:
	Security ID:		S-1-5-18
	Account Name:		DESKTOP-G6V1AVE$
	Account Domain:		WORKGROUP
	Logon ID:		0x3e7
	Read Operation:		%%8100

This event occurs when a user performs a read operation on stored credentials in Credential Manager.

----------------------------------------
Time Generated: 2025-02-20 01:14:37
Source Name: Microsoft-Windows-Security-Auditing
Event ID: 4672
Event Type: 8
Event Category: 12548
Message: Special privileges assigned to new logon.

Subject:
	Security ID:		S-1-5-18
	Account Name:		SYSTEM
	Account Domain:		NT AUTHORITY
	Logon ID:		0x3e7

Privileges:		SeAssignPrimaryTokenPrivilege
			SeTcbPrivilege
			SeSecurityPrivilege
			SeTakeOwnershipPrivilege
			SeLoadDriverPrivilege
			SeBackupPrivilege
			SeRestorePrivilege
			SeDebugPrivilege
			SeAuditPrivilege
			SeSystemEnvironmentPrivilege
			SeImpersonatePrivilege
			SeDelegateSessionUserImpersonatePrivilege

----------------------------------------
Time Generated: 2025-02-20 01:14:37
Source Name: Microsoft-Windows-Security-Auditing
Event ID: 4624
Event Type: 8
Event Category: 12544
Message: An account was successfully logged on.

Subject:
	Security ID:		S-1-5-18
	Account Name:		DESKTOP-G6V1AVE$
	Account Domain:		WORKGROUP
	Logon ID:		0x3e7

Logon Information:
	Logon Type:		5
	Restricted Admin Mode:	-
	Remote Credential Guard:	-
	Virtual Account:		%%1843
	Elevated Token:		%%1842

Impersonation Level:		%%1833

New Logon:
	Security ID:		S-1-5-18
	Account Name:		SYSTEM
	Account Domain:		NT AUTHORITY
	Logon ID:		0x3e7
	Linked Logon ID:		0x0
	Network Account Name:	-
	Network Account Domain:	-
	Logon GUID:		{00000000-0000-0000-0000-000000000000}

Process Information:
	Process ID:		0x3cc
	Process Name:		C:\Windows\System32\services.exe

Network Information:
	Workstation Name:	-
	Source Network Address:	-
	Source Port:		-

Detailed Authentication Information:
	Logon Process:		Advapi  
	Authentication Package:	Negotiate
	Transited Services:	-
	Package Name (NTLM only):	-
	Key Length:		0

This event is generated when a logon session is created. It is generated on the computer that was accessed.

The subject fields indicate the account on the local system which requested the logon. This is most commonly a service such as the Server service, or a local process such as Winlogon.exe or Services.exe.

The logon type field indicates the kind of logon that occurred. The most common types are 2 (interactive) and 3 (network).

The New Logon fields indicate the account for whom the new logon was created, i.e. the account that was logged on.

The network fields indicate where a remote logon request originated. Workstation name is not always available and may be left blank in some cases.

The impersonation level field indicates the extent to which a process in the logon session can impersonate.

The authentication information fields provide detailed information about this specific logon request.
	- Logon GUID is a unique identifier that can be used to correlate this event with a KDC event.
	- Transited services indicate which intermediate services have participated in this logon request.
	- Package name indicates which sub-protocol was used among the NTLM protocols.
	- Key length indicates the length of the generated session key. This will be 0 if no session key was requested.

----------------------------------------
Time Generated: 2025-02-20 01:14:27
Source Name: Microsoft-Windows-Security-Auditing
Event ID: 4672
Event Type: 8
Event Category: 12548
Message: Special privileges assigned to new logon.

Subject:
	Security ID:		S-1-5-18
	Account Name:		SYSTEM
	Account Domain:		NT AUTHORITY
	Logon ID:		0x3e7

Privileges:		SeAssignPrimaryTokenPrivilege
			SeTcbPrivilege
			SeSecurityPrivilege
			SeTakeOwnershipPrivilege
			SeLoadDriverPrivilege
			SeBackupPrivilege
			SeRestorePrivilege
			SeDebugPrivilege
			SeAuditPrivilege
			SeSystemEnvironmentPrivilege
			SeImpersonatePrivilege
			SeDelegateSessionUserImpersonatePrivilege

----------------------------------------
Time Generated: 2025-02-20 01:14:27
Source Name: Microsoft-Windows-Security-Auditing
Event ID: 4624
Event Type: 8
Event Category: 12544
Message: An account was successfully logged on.

Subject:
	Security ID:		S-1-5-18
	Account Name:		DESKTOP-G6V1AVE$
	Account Domain:		WORKGROUP
	Logon ID:		0x3e7

Logon Information:
	Logon Type:		5
	Restricted Admin Mode:	-
	Remote Credential Guard:	-
	Virtual Account:		%%1843
	Elevated Token:		%%1842

Impersonation Level:		%%1833

New Logon:
	Security ID:		S-1-5-18
	Account Name:		SYSTEM
	Account Domain:		NT AUTHORITY
	Logon ID:		0x3e7
	Linked Logon ID:		0x0
	Network Account Name:	-
	Network Account Domain:	-
	Logon GUID:		{00000000-0000-0000-0000-000000000000}

Process Information:
	Process ID:		0x3cc
	Process Name:		C:\Windows\System32\services.exe

Network Information:
	Workstation Name:	-
	Source Network Address:	-
	Source Port:		-

Detailed Authentication Information:
	Logon Process:		Advapi  
	Authentication Package:	Negotiate
	Transited Services:	-
	Package Name (NTLM only):	-
	Key Length:		0

This event is generated when a logon session is created. It is generated on the computer that was accessed.

The subject fields indicate the account on the local system which requested the logon. This is most commonly a service such as the Server service, or a local process such as Winlogon.exe or Services.exe.

The logon type field indicates the kind of logon that occurred. The most common types are 2 (interactive) and 3 (network).

The New Logon fields indicate the account for whom the new logon was created, i.e. the account that was logged on.

The network fields indicate where a remote logon request originated. Workstation name is not always available and may be left blank in some cases.

The impersonation level field indicates the extent to which a process in the logon session can impersonate.

The authentication information fields provide detailed information about this specific logon request.
	- Logon GUID is a unique identifier that can be used to correlate this event with a KDC event.
	- Transited services indicate which intermediate services have participated in this logon request.
	- Package name indicates which sub-protocol was used among the NTLM protocols.
	- Key length indicates the length of the generated session key. This will be 0 if no session key was requested.

----------------------------------------
Time Generated: 2025-02-20 01:09:26
Source Name: Microsoft-Windows-Security-Auditing
Event ID: 4672
Event Type: 8
Event Category: 12548
Message: Special privileges assigned to new logon.

Subject:
	Security ID:		S-1-5-18
	Account Name:		SYSTEM
	Account Domain:		NT AUTHORITY
	Logon ID:		0x3e7

Privileges:		SeAssignPrimaryTokenPrivilege
			SeTcbPrivilege
			SeSecurityPrivilege
			SeTakeOwnershipPrivilege
			SeLoadDriverPrivilege
			SeBackupPrivilege
			SeRestorePrivilege
			SeDebugPrivilege
			SeAuditPrivilege
			SeSystemEnvironmentPrivilege
			SeImpersonatePrivilege
			SeDelegateSessionUserImpersonatePrivilege

----------------------------------------
Time Generated: 2025-02-20 01:09:26
Source Name: Microsoft-Windows-Security-Auditing
Event ID: 4624
Event Type: 8
Event Category: 12544
Message: An account was successfully logged on.

Subject:
	Security ID:		S-1-5-18
	Account Name:		DESKTOP-G6V1AVE$
	Account Domain:		WORKGROUP
	Logon ID:		0x3e7

Logon Information:
	Logon Type:		5
	Restricted Admin Mode:	-
	Remote Credential Guard:	-
	Virtual Account:		%%1843
	Elevated Token:		%%1842

Impersonation Level:		%%1833

New Logon:
	Security ID:		S-1-5-18
	Account Name:		SYSTEM
	Account Domain:		NT AUTHORITY
	Logon ID:		0x3e7
	Linked Logon ID:		0x0
	Network Account Name:	-
	Network Account Domain:	-
	Logon GUID:		{00000000-0000-0000-0000-000000000000}

Process Information:
	Process ID:		0x3cc
	Process Name:		C:\Windows\System32\services.exe

Network Information:
	Workstation Name:	-
	Source Network Address:	-
	Source Port:		-

Detailed Authentication Information:
	Logon Process:		Advapi  
	Authentication Package:	Negotiate
	Transited Services:	-
	Package Name (NTLM only):	-
	Key Length:		0

This event is generated when a logon session is created. It is generated on the computer that was accessed.

The subject fields indicate the account on the local system which requested the logon. This is most commonly a service such as the Server service, or a local process such as Winlogon.exe or Services.exe.

The logon type field indicates the kind of logon that occurred. The most common types are 2 (interactive) and 3 (network).

The New Logon fields indicate the account for whom the new logon was created, i.e. the account that was logged on.

The network fields indicate where a remote logon request originated. Workstation name is not always available and may be left blank in some cases.

The impersonation level field indicates the extent to which a process in the logon session can impersonate.

The authentication information fields provide detailed information about this specific logon request.
	- Logon GUID is a unique identifier that can be used to correlate this event with a KDC event.
	- Transited services indicate which intermediate services have participated in this logon request.
	- Package name indicates which sub-protocol was used among the NTLM protocols.
	- Key length indicates the length of the generated session key. This will be 0 if no session key was requested.

----------------------------------------
Time Generated: 2025-02-20 01:05:29
Source Name: Microsoft-Windows-Security-Auditing
Event ID: 4799
Event Type: 8
Event Category: 13826
Message: A security-enabled local group membership was enumerated.

Subject:
	Security ID:		S-1-5-18
	Account Name:		DESKTOP-G6V1AVE$
	Account Domain:		WORKGROUP
	Logon ID:		0x3e7

Group:
	Security ID:		S-1-5-32-544
	Group Name:		Administrators
	Group Domain:		Builtin

Process Information:
	Process ID:		0x38f0
	Process Name:		C:\Windows\System32\svchost.exe

----------------------------------------
Time Generated: 2025-02-20 01:05:25
Source Name: Microsoft-Windows-Security-Auditing
Event ID: 4672
Event Type: 8
Event Category: 12548
Message: Special privileges assigned to new logon.

Subject:
	Security ID:		S-1-5-18
	Account Name:		SYSTEM
	Account Domain:		NT AUTHORITY
	Logon ID:		0x3e7

Privileges:		SeAssignPrimaryTokenPrivilege
			SeTcbPrivilege
			SeSecurityPrivilege
			SeTakeOwnershipPrivilege
			SeLoadDriverPrivilege
			SeBackupPrivilege
			SeRestorePrivilege
			SeDebugPrivilege
			SeAuditPrivilege
			SeSystemEnvironmentPrivilege
			SeImpersonatePrivilege
			SeDelegateSessionUserImpersonatePrivilege

----------------------------------------
Time Generated: 2025-02-20 01:05:25
Source Name: Microsoft-Windows-Security-Auditing
Event ID: 4624
Event Type: 8
Event Category: 12544
Message: An account was successfully logged on.

Subject:
	Security ID:		S-1-5-18
	Account Name:		DESKTOP-G6V1AVE$
	Account Domain:		WORKGROUP
	Logon ID:		0x3e7

Logon Information:
	Logon Type:		5
	Restricted Admin Mode:	-
	Remote Credential Guard:	-
	Virtual Account:		%%1843
	Elevated Token:		%%1842

Impersonation Level:		%%1833

New Logon:
	Security ID:		S-1-5-18
	Account Name:		SYSTEM
	Account Domain:		NT AUTHORITY
	Logon ID:		0x3e7
	Linked Logon ID:		0x0
	Network Account Name:	-
	Network Account Domain:	-
	Logon GUID:		{00000000-0000-0000-0000-000000000000}

Process Information:
	Process ID:		0x3cc
	Process Name:		C:\Windows\System32\services.exe

Network Information:
	Workstation Name:	-
	Source Network Address:	-
	Source Port:		-

Detailed Authentication Information:
	Logon Process:		Advapi  
	Authentication Package:	Negotiate
	Transited Services:	-
	Package Name (NTLM only):	-
	Key Length:		0

This event is generated when a logon session is created. It is generated on the computer that was accessed.

The subject fields indicate the account on the local system which requested the logon. This is most commonly a service such as the Server service, or a local process such as Winlogon.exe or Services.exe.

The logon type field indicates the kind of logon that occurred. The most common types are 2 (interactive) and 3 (network).

The New Logon fields indicate the account for whom the new logon was created, i.e. the account that was logged on.

The network fields indicate where a remote logon request originated. Workstation name is not always available and may be left blank in some cases.

The impersonation level field indicates the extent to which a process in the logon session can impersonate.

The authentication information fields provide detailed information about this specific logon request.
	- Logon GUID is a unique identifier that can be used to correlate this event with a KDC event.
	- Transited services indicate which intermediate services have participated in this logon request.
	- Package name indicates which sub-protocol was used among the NTLM protocols.
	- Key length indicates the length of the generated session key. This will be 0 if no session key was requested.

----------------------------------------
Time Generated: 2025-02-20 01:01:18
Source Name: Microsoft-Windows-Security-Auditing
Event ID: 5379
Event Type: 8
Event Category: 13824
Message: Credential Manager credentials were read.

Subject:
	Security ID:		S-1-5-21-1476557424-617089960-3552551819-1001
	Account Name:		kcraq
	Account Domain:		DESKTOP-G6V1AVE
	Logon ID:		0x8f167
	Read Operation:		%%8100

This event occurs when a user performs a read operation on stored credentials in Credential Manager.

----------------------------------------
Time Generated: 2025-02-20 01:01:18
Source Name: Microsoft-Windows-Security-Auditing
Event ID: 5379
Event Type: 8
Event Category: 13824
Message: Credential Manager credentials were read.

Subject:
	Security ID:		S-1-5-21-1476557424-617089960-3552551819-1001
	Account Name:		kcraq
	Account Domain:		DESKTOP-G6V1AVE
	Logon ID:		0x8f167
	Read Operation:		%%8100

This event occurs when a user performs a read operation on stored credentials in Credential Manager.

----------------------------------------
Time Generated: 2025-02-20 01:01:18
Source Name: Microsoft-Windows-Security-Auditing
Event ID: 5379
Event Type: 8
Event Category: 13824
Message: Credential Manager credentials were read.

Subject:
	Security ID:		S-1-5-21-1476557424-617089960-3552551819-1001
	Account Name:		kcraq
	Account Domain:		DESKTOP-G6V1AVE
	Logon ID:		0x8f167
	Read Operation:		%%8100

This event occurs when a user performs a read operation on stored credentials in Credential Manager.

----------------------------------------
Time Generated: 2025-02-20 01:01:18
Source Name: Microsoft-Windows-Security-Auditing
Event ID: 5379
Event Type: 8
Event Category: 13824
Message: Credential Manager credentials were read.

Subject:
	Security ID:		S-1-5-21-1476557424-617089960-3552551819-1001
	Account Name:		kcraq
	Account Domain:		DESKTOP-G6V1AVE
	Logon ID:		0x8f167
	Read Operation:		%%8100

This event occurs when a user performs a read operation on stored credentials in Credential Manager.

----------------------------------------
Time Generated: 2025-02-20 01:01:18
Source Name: Microsoft-Windows-Security-Auditing
Event ID: 5379
Event Type: 8
Event Category: 13824
Message: Credential Manager credentials were read.

Subject:
	Security ID:		S-1-5-21-1476557424-617089960-3552551819-1001
	Account Name:		kcraq
	Account Domain:		DESKTOP-G6V1AVE
	Logon ID:		0x8f167
	Read Operation:		%%8100

This event occurs when a user performs a read operation on stored credentials in Credential Manager.

----------------------------------------
Time Generated: 2025-02-20 01:01:18
Source Name: Microsoft-Windows-Security-Auditing
Event ID: 5379
Event Type: 8
Event Category: 13824
Message: Credential Manager credentials were read.

Subject:
	Security ID:		S-1-5-21-1476557424-617089960-3552551819-1001
	Account Name:		kcraq
	Account Domain:		DESKTOP-G6V1AVE
	Logon ID:		0x8f167
	Read Operation:		%%8100

This event occurs when a user performs a read operation on stored credentials in Credential Manager.

----------------------------------------
Time Generated: 2025-02-20 01:01:18
Source Name: Microsoft-Windows-Security-Auditing
Event ID: 5379
Event Type: 8
Event Category: 13824
Message: Credential Manager credentials were read.

Subject:
	Security ID:		S-1-5-21-1476557424-617089960-3552551819-1001
	Account Name:		kcraq
	Account Domain:		DESKTOP-G6V1AVE
	Logon ID:		0x8f167
	Read Operation:		%%8100

This event occurs when a user performs a read operation on stored credentials in Credential Manager.

----------------------------------------
Time Generated: 2025-02-20 01:01:18
Source Name: Microsoft-Windows-Security-Auditing
Event ID: 5379
Event Type: 8
Event Category: 13824
Message: Credential Manager credentials were read.

Subject:
	Security ID:		S-1-5-21-1476557424-617089960-3552551819-1001
	Account Name:		kcraq
	Account Domain:		DESKTOP-G6V1AVE
	Logon ID:		0x8f167
	Read Operation:		%%8100

This event occurs when a user performs a read operation on stored credentials in Credential Manager.

----------------------------------------
Time Generated: 2025-02-20 01:01:18
Source Name: Microsoft-Windows-Security-Auditing
Event ID: 5379
Event Type: 8
Event Category: 13824
Message: Credential Manager credentials were read.

Subject:
	Security ID:		S-1-5-21-1476557424-617089960-3552551819-1001
	Account Name:		kcraq
	Account Domain:		DESKTOP-G6V1AVE
	Logon ID:		0x8f167
	Read Operation:		%%8100

This event occurs when a user performs a read operation on stored credentials in Credential Manager.

----------------------------------------
Time Generated: 2025-02-20 01:01:18
Source Name: Microsoft-Windows-Security-Auditing
Event ID: 5379
Event Type: 8
Event Category: 13824
Message: Credential Manager credentials were read.

Subject:
	Security ID:		S-1-5-21-1476557424-617089960-3552551819-1001
	Account Name:		kcraq
	Account Domain:		DESKTOP-G6V1AVE
	Logon ID:		0x8f167
	Read Operation:		%%8100

This event occurs when a user performs a read operation on stored credentials in Credential Manager.

----------------------------------------
Time Generated: 2025-02-20 01:01:18
Source Name: Microsoft-Windows-Security-Auditing
Event ID: 5379
Event Type: 8
Event Category: 13824
Message: Credential Manager credentials were read.

Subject:
	Security ID:		S-1-5-21-1476557424-617089960-3552551819-1001
	Account Name:		kcraq
	Account Domain:		DESKTOP-G6V1AVE
	Logon ID:		0x8f167
	Read Operation:		%%8100

This event occurs when a user performs a read operation on stored credentials in Credential Manager.

----------------------------------------
Time Generated: 2025-02-20 01:01:18
Source Name: Microsoft-Windows-Security-Auditing
Event ID: 5379
Event Type: 8
Event Category: 13824
Message: Credential Manager credentials were read.

Subject:
	Security ID:		S-1-5-21-1476557424-617089960-3552551819-1001
	Account Name:		kcraq
	Account Domain:		DESKTOP-G6V1AVE
	Logon ID:		0x8f167
	Read Operation:		%%8100

This event occurs when a user performs a read operation on stored credentials in Credential Manager.

----------------------------------------
Time Generated: 2025-02-20 01:01:18
Source Name: Microsoft-Windows-Security-Auditing
Event ID: 5379
Event Type: 8
Event Category: 13824
Message: Credential Manager credentials were read.

Subject:
	Security ID:		S-1-5-21-1476557424-617089960-3552551819-1001
	Account Name:		kcraq
	Account Domain:		DESKTOP-G6V1AVE
	Logon ID:		0x8f167
	Read Operation:		%%8100

This event occurs when a user performs a read operation on stored credentials in Credential Manager.

----------------------------------------
Time Generated: 2025-02-20 01:01:18
Source Name: Microsoft-Windows-Security-Auditing
Event ID: 5379
Event Type: 8
Event Category: 13824
Message: Credential Manager credentials were read.

Subject:
	Security ID:		S-1-5-21-1476557424-617089960-3552551819-1001
	Account Name:		kcraq
	Account Domain:		DESKTOP-G6V1AVE
	Logon ID:		0x8f167
	Read Operation:		%%8100

This event occurs when a user performs a read operation on stored credentials in Credential Manager.

----------------------------------------
Time Generated: 2025-02-20 01:01:18
Source Name: Microsoft-Windows-Security-Auditing
Event ID: 5379
Event Type: 8
Event Category: 13824
Message: Credential Manager credentials were read.

Subject:
	Security ID:		S-1-5-21-1476557424-617089960-3552551819-1001
	Account Name:		kcraq
	Account Domain:		DESKTOP-G6V1AVE
	Logon ID:		0x8f167
	Read Operation:		%%8100

This event occurs when a user performs a read operation on stored credentials in Credential Manager.

----------------------------------------
Time Generated: 2025-02-20 01:01:18
Source Name: Microsoft-Windows-Security-Auditing
Event ID: 5379
Event Type: 8
Event Category: 13824
Message: Credential Manager credentials were read.

Subject:
	Security ID:		S-1-5-21-1476557424-617089960-3552551819-1001
	Account Name:		kcraq
	Account Domain:		DESKTOP-G6V1AVE
	Logon ID:		0x8f167
	Read Operation:		%%8100

This event occurs when a user performs a read operation on stored credentials in Credential Manager.

----------------------------------------
Time Generated: 2025-02-20 01:01:18
Source Name: Microsoft-Windows-Security-Auditing
Event ID: 5379
Event Type: 8
Event Category: 13824
Message: Credential Manager credentials were read.

Subject:
	Security ID:		S-1-5-21-1476557424-617089960-3552551819-1001
	Account Name:		kcraq
	Account Domain:		DESKTOP-G6V1AVE
	Logon ID:		0x8f167
	Read Operation:		%%8100

This event occurs when a user performs a read operation on stored credentials in Credential Manager.

----------------------------------------
Time Generated: 2025-02-20 01:01:18
Source Name: Microsoft-Windows-Security-Auditing
Event ID: 5379
Event Type: 8
Event Category: 13824
Message: Credential Manager credentials were read.

Subject:
	Security ID:		S-1-5-21-1476557424-617089960-3552551819-1001
	Account Name:		kcraq
	Account Domain:		DESKTOP-G6V1AVE
	Logon ID:		0x8f167
	Read Operation:		%%8100

This event occurs when a user performs a read operation on stored credentials in Credential Manager.

----------------------------------------
Time Generated: 2025-02-20 01:01:18
Source Name: Microsoft-Windows-Security-Auditing
Event ID: 5379
Event Type: 8
Event Category: 13824
Message: Credential Manager credentials were read.

Subject:
	Security ID:		S-1-5-21-1476557424-617089960-3552551819-1001
	Account Name:		kcraq
	Account Domain:		DESKTOP-G6V1AVE
	Logon ID:		0x8f167
	Read Operation:		%%8100

This event occurs when a user performs a read operation on stored credentials in Credential Manager.

----------------------------------------
Time Generated: 2025-02-20 01:01:18
Source Name: Microsoft-Windows-Security-Auditing
Event ID: 5379
Event Type: 8
Event Category: 13824
Message: Credential Manager credentials were read.

Subject:
	Security ID:		S-1-5-21-1476557424-617089960-3552551819-1001
	Account Name:		kcraq
	Account Domain:		DESKTOP-G6V1AVE
	Logon ID:		0x8f167
	Read Operation:		%%8100

This event occurs when a user performs a read operation on stored credentials in Credential Manager.

----------------------------------------
Time Generated: 2025-02-20 01:01:18
Source Name: Microsoft-Windows-Security-Auditing
Event ID: 5379
Event Type: 8
Event Category: 13824
Message: Credential Manager credentials were read.

Subject:
	Security ID:		S-1-5-21-1476557424-617089960-3552551819-1001
	Account Name:		kcraq
	Account Domain:		DESKTOP-G6V1AVE
	Logon ID:		0x8f167
	Read Operation:		%%8100

This event occurs when a user performs a read operation on stored credentials in Credential Manager.

----------------------------------------
Time Generated: 2025-02-20 01:01:18
Source Name: Microsoft-Windows-Security-Auditing
Event ID: 5379
Event Type: 8
Event Category: 13824
Message: Credential Manager credentials were read.

Subject:
	Security ID:		S-1-5-21-1476557424-617089960-3552551819-1001
	Account Name:		kcraq
	Account Domain:		DESKTOP-G6V1AVE
	Logon ID:		0x8f167
	Read Operation:		%%8100

This event occurs when a user performs a read operation on stored credentials in Credential Manager.

----------------------------------------
Time Generated: 2025-02-20 01:01:18
Source Name: Microsoft-Windows-Security-Auditing
Event ID: 5379
Event Type: 8
Event Category: 13824
Message: Credential Manager credentials were read.

Subject:
	Security ID:		S-1-5-21-1476557424-617089960-3552551819-1001
	Account Name:		kcraq
	Account Domain:		DESKTOP-G6V1AVE
	Logon ID:		0x8f167
	Read Operation:		%%8100

This event occurs when a user performs a read operation on stored credentials in Credential Manager.

----------------------------------------
