
--- Application Logs ---
Time Generated: 2025-02-20 01:19:04
Source Name: ESENT
Event ID: 330
Event Type: 4
Event Category: 1
Message: Video.UI (6700,D,2,0) {97C121C4-9B64-46DF-9864-4B2AE534DF67}: The database [C:\Users\kcraq\AppData\Local\Packages\Microsoft.ZuneVideo_8wekyb3d8bbwe\LocalState\Database\anonymous\tmp.edb] format version is being held back to 8920 (0x22d8) due to application parameter setting of 0x410022D8 (8920 | JET_efvAllowHigherPersistedFormat). Current default engine version: 9620 (0x2594).

----------------------------------------
Time Generated: 2025-02-20 01:19:04
Source Name: ESENT
Event ID: 326
Event Type: 4
Event Category: 1
Message: Video.UI (6700,D,50,0) {97C121C4-9B64-46DF-9864-4B2AE534DF67}: The database engine attached a database (1, C:\Users\kcraq\AppData\Local\Packages\Microsoft.ZuneVideo_8wekyb3d8bbwe\LocalState\Database\anonymous\EntClientDb.edb). (Time=0 seconds)



Saved Cache: 0 0

Additional Data: lgposAttach = 00000001:00BF:0268,
dbv = 1568.20.0 (8920)



Internal Timing Sequence: 
[1] 0.000007 +J(0) +M(C:0K, Fs:1, WS:4K # 0K, PF:0K # 0K, P:0K)
[2] 0.000491 -0.000001 (1) WT +J(0) +M(C:0K, Fs:22, WS:24K # 0K, PF:16K # 0K, P:16K)
[3] 0.011065 -0.009632 (6) WT +J(CM:0, PgRf:0, Rd:0/0, Dy:0/0, Lg:3480/2) +M(C:0K, Fs:35, WS:128K # 0K, PF:20K # 0K, P:20K)
[4] 0.000373 +J(0) +M(C:0K, Fs:3, WS:12K # 0K, PF:0K # 0K, P:0K)
[5] -
[6] 0.000449 -0.000309 (2) CM +J(CM:2, PgRf:2, Rd:0/2, Dy:0/0, Lg:0/0) +M(C:0K, Fs:11, WS:44K # 0K, PF:32K # 0K, P:32K)
[7] -
[8] 0.017317 -0.000010 (1) CM -0.016894 (1) WT +J(CM:1, PgRf:1, Rd:14/1, Dy:0/0, Lg:0/0) +M(C:0K, Fs:596, WS:2352K # 600K, PF:840K # 0K, P:840K)
[9] -
[10] -
[11] -
[12] 0.000671 +J(0) +M(C:0K, Fs:26, WS:104K # 104K, PF:0K # 0K, P:0K)
[13] 0.000576 -0.000284 (4) CM +J(CM:4, PgRf:23, Rd:0/4, Dy:0/0, Lg:0/0) +M(C:0K, Fs:23, WS:84K # 84K, PF:8K # 0K, P:8K)
[14] 0.000415 -0.000252 (2) CM +J(CM:2, PgRf:40, Rd:0/2, Dy:0/0, Lg:0/0) +M(C:0K, Fs:9, WS:20K # 20K, PF:64K # 0K, P:64K)
[15] 0.000008 +J(CM:0, PgRf:1, Rd:0/0, Dy:0/0, Lg:0/0)
[16] 0.000011 +J(CM:0, PgRf:1, Rd:0/0, Dy:0/0, Lg:0/0) +M(C:0K, Fs:1, WS:4K # 4K, PF:0K # 0K, P:0K)
[17] 0.000054 +J(CM:0, PgRf:48, Rd:0/0, Dy:0/0, Lg:0/0) +M(C:0K, Fs:1, WS:4K # 4K, PF:0K # 0K, P:0K)
[18] 0.000001 +J(0)
[19] 0.000001 +J(0)
[20] 0.000011 +J(CM:0, PgRf:1, Rd:0/0, Dy:0/0, Lg:0/0) +M(C:0K, Fs:1, WS:4K # 4K, PF:0K # 0K, P:0K).

----------------------------------------
Time Generated: 2025-02-20 01:19:04
Source Name: ESENT
Event ID: 330
Event Type: 4
Event Category: 1
Message: Video.UI (6700,D,50,0) {97C121C4-9B64-46DF-9864-4B2AE534DF67}: The database [C:\Users\kcraq\AppData\Local\Packages\Microsoft.ZuneVideo_8wekyb3d8bbwe\LocalState\Database\anonymous\EntClientDb.edb] format version is being held back to 8920 (0x22d8) due to application parameter setting of 0x410022D8 (8920 | JET_efvAllowHigherPersistedFormat). Current default engine version: 9620 (0x2594).

----------------------------------------
Time Generated: 2025-02-20 01:19:04
Source Name: ESENT
Event ID: 105
Event Type: 4
Event Category: 1
Message: Video.UI (6700,D,0,0) {97C121C4-9B64-46DF-9864-4B2AE534DF67}: The database engine started a new instance (0). (Time=0.292 seconds)



Additional Data:

lgposV2[] = 00000001:0001:0000 - 00000001:00BC:039F - 00000001:00BD:0000 - 00000001:00BD:0000 (00000000:0000:0000)
cReInits = 27
RBSOn = 0




Internal Timing Sequence: 
[1] 0.015924 +J(0) +M(C:0K, Fs:806, WS:3200K # 3200K, PF:5672K # 5672K, P:5672K)
[2] 0.008185 +J(0) +M(C:0K, Fs:222, WS:884K # 884K, PF:328K # 328K, P:328K)
[3] 0.000065 +J(0) +M(C:0K, Fs:3, WS:8K # 8K, PF:68K # 68K, P:68K)
[4] 0.000575 +J(0) +M(C:0K, Fs:44, WS:176K # 176K, PF:168K # 168K, P:168K)
[5] 0.008089 +J(0) +M(C:0K, Fs:88, WS:352K # 352K, PF:140K # 140K, P:140K)
[6] 0.042124 +J(0) +M(C:0K, Fs:302, WS:840K # 840K, PF:-24K # 40K, P:-24K)
[7] 0.064062 -0.000026 (5) WT +J(0) +M(C:0K, Fs:674, WS:2376K # 2684K, PF:2052K # 2016K, P:2052K)
[8] 0.093642 -0.003141 (39) WT +J(CM:0, PgRf:0, Rd:0/0, Dy:0/0, Lg:757960/6295) +M(C:0K, Fs:1039, WS:2192K # 1884K, PF:572K # 552K, P:572K)
[9] 0.001434 -0.000003 (1) WT +J(0) +M(C:0K, Fs:28, WS:112K # 112K, PF:44K # 36K, P:44K)
[10] 0.005142 -0.000008 (4) WT +J(0) +M(C:0K, Fs:32, WS:-1920K # 100K, PF:-1984K # 64K, P:-1984K)
[11] 0.000045 +J(CM:0, PgRf:0, Rd:0/0, Dy:0/0, Lg:49/1) +M(C:0K, Fs:4, WS:16K # 0K, PF:0K # 0K, P:0K)
[12] 0.001049 -0.000946 (2) WT +J(0) +M(C:0K, Fs:4, WS:16K # 0K, PF:0K # 0K, P:0K)
[13] 0.050884 -0.001654 (2) CM -0.038088 (20) WT +J(CM:2, PgRf:2, Rd:0/2, Dy:0/0, Lg:8759/5) +M(C:0K, Fs:818, WS:1128K # 1180K, PF:180K # 188K, P:180K)
[14] 0.000020 +J(0)
[15] 0.000015 +J(0)
[16] 0.000308 -0.000002 (1) WT +J(0) +M(C:0K, Fs:3, WS:4K # 0K, PF:0K # 0K, P:0K).

----------------------------------------
Time Generated: 2025-02-20 01:19:04
Source Name: ESENT
Event ID: 302
Event Type: 4
Event Category: 3
Message: Video.UI (6700,U,98,0) {97C121C4-9B64-46DF-9864-4B2AE534DF67}: The database engine has successfully completed recovery steps.

----------------------------------------
Time Generated: 2025-02-20 01:19:04
Source Name: ESENT
Event ID: 301
Event Type: 4
Event Category: 3
Message: Video.UI (6700,R,98,0) {97C121C4-9B64-46DF-9864-4B2AE534DF67}: The database engine has finished replaying logfile C:\Users\kcraq\AppData\Local\Packages\Microsoft.ZuneVideo_8wekyb3d8bbwe\LocalState\Database\anonymous\edb.log.



Processing Stats: 
[1] 0.089443 -0.003136 (36) WT +J(CM:0, PgRf:0, Rd:0/0, Dy:0/0, Lg:757960/6295) +M(C:0K, Fs:951, WS:1852K # 1856K, PF:260K # 268K, P:260K).

Log record of type 'Insert   ' was seen most frequently (2421 times)

----------------------------------------
Time Generated: 2025-02-20 01:19:04
Source Name: ESENT
Event ID: 330
Event Type: 4
Event Category: 1
Message: Video.UI (6700,R,98,0) {97C121C4-9B64-46DF-9864-4B2AE534DF67}: The database [C:\Users\kcraq\AppData\Local\Packages\Microsoft.ZuneVideo_8wekyb3d8bbwe\LocalState\Database\anonymous\EntClientDb.edb] format version is being held back to 8920 (0x22d8) due to application parameter setting of 0x410022D8 (8920 | JET_efvAllowHigherPersistedFormat). Current default engine version: 9620 (0x2594).

----------------------------------------
Time Generated: 2025-02-20 01:19:04
Source Name: ESENT
Event ID: 335
Event Type: 4
Event Category: 3
Message: Video.UI (6700,R,98,0) {97C121C4-9B64-46DF-9864-4B2AE534DF67}: Replay of a Create for database "C:\Users\kcraq\AppData\Local\Packages\Microsoft.ZuneVideo_8wekyb3d8bbwe\LocalState\Database\anonymous\EntClientDb.edb" at log position (00000001,0001,0268) was deferred due to AttachFuture.  Additional information:  

----------------------------------------
Time Generated: 2025-02-20 01:19:04
Source Name: ESENT
Event ID: 300
Event Type: 4
Event Category: 3
Message: Video.UI (6700,R,98,0) {97C121C4-9B64-46DF-9864-4B2AE534DF67}: The database engine is initiating recovery steps.

----------------------------------------
Time Generated: 2025-02-20 01:19:04
Source Name: ESENT
Event ID: 102
Event Type: 4
Event Category: 1
Message: Video.UI (6700,P,98,0) {97C121C4-9B64-46DF-9864-4B2AE534DF67}: The database engine (10.00.26100.0000) is starting a new instance (0).

----------------------------------------
Time Generated: 2025-02-20 01:00:30
Source Name: Software Protection Platform Service
Event ID: 16384
Event Type: 4
Event Category: 0
Message: Successfully scheduled Software Protection service for re-start at 2025-02-21T05:59:30Z. Reason: RulesEngine.

----------------------------------------
Time Generated: 2025-02-20 00:59:37
Source Name: SynTPEnhService
Event ID: 0
Event Type: 4
Event Category: 1
Message: <The description for Event ID ( 0 ) in Source ( 'SynTPEnhService' ) could not be found. It contains the following insertion string(s):'SynTPEnhService, Session Changed User unlock'.>
----------------------------------------
Time Generated: 2025-02-20 00:59:33
Source Name: Software Protection Platform Service
Event ID: 8198
Event Type: 1
Event Category: 0
Message: License Activation (slui.exe) failed with the following error code:
hr=0x80004005
Command-line arguments:
RuleId=31e71c49-8da7-4a2f-ad92-45d98a1c79ba;Action=AutoActivate;AppId=55c92734-d682-4d71-983e-d6ec3f16059f;SkuId=0567073a-7d74-403b-b2d5-6b35da372d8d;NotificationInterval=1440;Trigger=NetworkAvailable

----------------------------------------
Time Generated: 2025-02-20 00:59:33
Source Name: Software Protection Platform Service
Event ID: 1003
Event Type: 4
Event Category: 0
Message: The Software Protection service has completed licensing status check.
Application Id=55c92734-d682-4d71-983e-d6ec3f16059f
Licensing Status=
1: 0567073a-7d74-403b-b2d5-6b35da372d8d, 1, 1 [(0 )(1 )(2 [0xC004E003, 0, 0], [( 1 0xC004F034)( 1 0xC004F034)(?)(?)(?)(?)(?)(?)])(3 [0x00000000, 0, 0], [( 6 0xC004F009 0 0)( 1 0x00000000)( 6 0xC004F009 0 0)(?)(?)(?)( 10 0x00000000 msft:rm/algorithm/flags/1.0)( 11 0x00000000 0xC004F034)])]
2: 1b750385-9fe2-49a8-ab55-149d0546395b, 1, 0 [(0 [0xC004F014, 0, 0], [(?)(?)(?)(?)(?)(?)(?)(?)])(1 )(2 )(3 )]
3: 1d873132-f09f-4eb2-bf5a-2e4fb48935e8, 1, 0 [(0 [0xC004F014, 0, 0], [(?)(?)(?)(?)(?)(?)(?)(?)])(1 )(2 )(3 )]
4: 2b1f36bb-c1cd-4306-bf5c-a0367c2d97d8, 1, 0 [(0 [0xC004F014, 0, 0], [(?)(?)(?)(?)(?)(?)(?)(?)])(1 )(2 )(3 )]
5: 30d469c6-a78f-4476-b5c8-af78d5b6a5fb, 1, 0 [(0 [0xC004F014, 0, 0], [(?)(?)(?)(?)(?)(?)(?)(?)])(1 )(2 )(3 )]
6: 3ae2cc14-ab2d-41f4-972f-5e20142771dc, 1, 0 [(0 [0xC004F014, 0, 0], [(?)(?)(?)(?)(?)(?)(?)(?)])(1 )(2 )(3 )]
7: 4002e33a-524c-4100-8108-131a0d42c0ea, 1, 0 [(0 [0xC004F014, 0, 0], [(?)(?)(?)(?)(?)(?)(?)(?)])(1 )(2 )(3 )]
8: 411b3d4f-be6d-4a06-baaa-9cabfc256cae, 1, 0 [(0 [0xC004F014, 0, 0], [(?)(?)(?)(?)(?)(?)(?)(?)])(1 )(2 )(3 )]
9: 58e97c99-f377-4ef1-81d5-4ad5522b5fd8, 1, 0 [(0 [0xC004F014, 0, 0], [(?)(?)(?)(?)(?)(?)(?)(?)])(1 )(2 )(3 )]
10: 653098ee-780d-4863-8cf2-d18399ce413b, 1, 0 [(0 [0xC004F014, 0, 0], [(?)(?)(?)(?)(?)(?)(?)(?)])(1 )(2 )(3 )]
11: 74436dbb-cc17-46de-867f-14906ba4a938, 1, 0 [(0 [0xC004F014, 0, 0], [(?)(?)(?)(?)(?)(?)(?)(?)])(1 )(2 )(3 )]
12: 8a292df8-d653-4057-8133-a0701792f912, 1, 0 [(0 [0xC004F014, 0, 0], [(?)(?)(?)(?)(?)(?)(?)(?)])(1 )(2 )(3 )]
13: 8db63db6-4f8f-46d6-a448-66444faaaa72, 1, 0 [(0 [0xC004F014, 0, 0], [(?)(?)(?)(?)(?)(?)(?)(?)])(1 )(2 )(3 )]
14: cd918a57-a41b-4c82-8dce-1a538e221a83, 1, 0 [(0 [0xC004F014, 0, 0], [(?)(?)(?)(?)(?)(?)(?)(?)])(1 )(2 )(3 )]
15: da9621af-f086-4244-b563-18611e51aa1a, 1, 0 [(0 [0xC004F014, 0, 0], [(?)(?)(?)(?)(?)(?)(?)(?)])(1 )(2 )(3 )]
16: e371d89a-73e8-4b24-a7ff-23a3641dd18e, 1, 0 [(0 [0xC004F014, 0, 0], [(?)(?)(?)(?)(?)(?)(?)(?)])(1 )(2 )(3 )]
17: ed799377-74b8-4989-a244-14d082e65972, 1, 0 [(0 [0xC004F014, 0, 0], [(?)(?)(?)(?)(?)(?)(?)(?)])(1 )(2 )(3 )]



----------------------------------------
Time Generated: 2025-02-20 00:59:33
Source Name: Software Protection Platform Service
Event ID: 1014
Event Type: 1
Event Category: 0
Message: Acquisition of End User License failed. hr=0xC004C003
Sku Id=0567073a-7d74-403b-b2d5-6b35da372d8d

----------------------------------------
Time Generated: 2025-02-20 00:59:33
Source Name: Software Protection Platform Service
Event ID: 8200
Event Type: 1
Event Category: 0
Message: License acquisition failure details. 
hr=0xC004C003

----------------------------------------
Time Generated: 2025-02-20 00:59:32
Source Name: igccservice
Event ID: 0
Event Type: 4
Event Category: 0
Message: PowerEvent handled successfully by the service.

----------------------------------------
Time Generated: 2025-02-20 00:59:31
Source Name: Software Protection Platform Service
Event ID: 16394
Event Type: 4
Event Category: 0
Message: Offline downlevel migration succeeded.

----------------------------------------
Time Generated: 2025-02-20 00:59:27
Source Name: igccservice
Event ID: 0
Event Type: 4
Event Category: 0
Message: PowerEvent handled successfully by the service.

----------------------------------------

--- System Logs ---
Time Generated: 2025-02-20 01:07:30
Source Name: Service Control Manager
Event ID: 7040
Event Type: 4
Event Category: 0
Message: The start type of the Background Intelligent Transfer Service service was changed from auto start to demand start.

----------------------------------------
Time Generated: 2025-02-20 01:05:25
Source Name: Service Control Manager
Event ID: 7040
Event Type: 4
Event Category: 0
Message: The start type of the Background Intelligent Transfer Service service was changed from demand start to auto start.

----------------------------------------
Time Generated: 2025-02-20 01:02:34
Source Name: Service Control Manager
Event ID: 7040
Event Type: 4
Event Category: 0
Message: The start type of the Background Intelligent Transfer Service service was changed from auto start to demand start.

----------------------------------------
Time Generated: 2025-02-20 01:00:29
Source Name: Service Control Manager
Event ID: 7040
Event Type: 4
Event Category: 0
Message: The start type of the Background Intelligent Transfer Service service was changed from demand start to auto start.

----------------------------------------
Time Generated: 2025-02-20 00:59:33
Source Name: DCOM
Event ID: 10016
Event Type: 2
Event Category: 0
Message: <The description for Event ID ( 10016 ) in Source ( 'DCOM' ) could not be found. It contains the following insertion string(s):'machine-default, Local, Activation, {F87B28F1-DA9A-4F35-8EC0-800EFCF26B83}, {0868DC9B-D9A2-4F64-9362-133CEA201299}, NT AUTHORITY, NETWORK SERVICE, S-1-5-20, LocalHost (Using LRPC), Unavailable, Unavailable'.>
----------------------------------------
Time Generated: 2025-02-20 00:59:28
Source Name: Microsoft-Windows-Power-Troubleshooter
Event ID: 1
Event Type: 4
Event Category: 0
Message: The system has returned from a low power state.

Sleep Time: 2025-02-20T05:08:37.7521893Z
Wake Time: 2025-02-20T05:59:25.9985558Z

Wake Source: 1

----------------------------------------
Time Generated: 2025-02-20 00:59:26
Source Name: BTHUSB
Event ID: 34
Event Type: 2
Event Category: 0
Message: The local adapter does not support an important Low Energy controller state to support peripheral mode.  The minimum required supported state mask is 0x2491f7fffff, got 0xffffffff.  Low Energy peripheral role functionality will not be available.

----------------------------------------
Time Generated: 2025-02-20 00:59:26
Source Name: BTHUSB
Event ID: 18
Event Type: 4
Event Category: 0
Message: Windows cannot store Bluetooth authentication codes (link keys) on the local adapter. Bluetooth keyboards might not work in the system BIOS during startup.

----------------------------------------
Time Generated: 2025-02-20 00:59:26
Source Name: Microsoft-Windows-Kernel-Power
Event ID: 566
Event Type: 4
Event Category: 268
Message: 
----------------------------------------
Time Generated: 2025-02-20 00:59:25
Source Name: Microsoft-Windows-Kernel-Power
Event ID: 566
Event Type: 4
Event Category: 268
Message: 
----------------------------------------
Time Generated: 2025-02-20 00:59:25
Source Name: Microsoft-Windows-Kernel-Power
Event ID: 130
Event Type: 4
Event Category: 33
Message: 
----------------------------------------
Time Generated: 2025-02-20 00:59:25
Source Name: Microsoft-Windows-Kernel-Power
Event ID: 131
Event Type: 4
Event Category: 33
Message: 
----------------------------------------
Time Generated: 2025-02-20 00:59:25
Source Name: Microsoft-Windows-Kernel-General
Event ID: 1
Event Type: 4
Event Category: 5
Message: Possible detection of CVE: 2025-02-20T05:59:25.5000000Z
Additional Information: 2025-02-20T05:08:43.2553730Z

This Event is generated when an attempt to exploit a known vulnerability (2025-02-20T05:59:25.5000000Z) is detected.
This Event is raised by a User mode process.


----------------------------------------

--- Security Logs ---
Time Generated: 2025-02-20 01:27:14
Source Name: Microsoft-Windows-Security-Auditing
Event ID: 5061
Event Type: 8
Event Category: 12290
Message: Cryptographic operation.

Subject:
	Security ID:		S-1-5-21-1476557424-617089960-3552551819-1001
	Account Name:		kcraq
	Account Domain:		DESKTOP-G6V1AVE
	Logon ID:		0x8f167

Cryptographic Parameters:
	Provider Name:	Microsoft Software Key Storage Provider
	Algorithm Name:	RSA
	Key Name:	TB_0_office.net
	Key Type:	%%2500

Cryptographic Operation:
	Operation:	%%2480
	Return Code:	0x0

----------------------------------------
Time Generated: 2025-02-20 01:27:14
Source Name: Microsoft-Windows-Security-Auditing
Event ID: 5061
Event Type: 8
Event Category: 12290
Message: Cryptographic operation.

Subject:
	Security ID:		S-1-5-21-1476557424-617089960-3552551819-1001
	Account Name:		kcraq
	Account Domain:		DESKTOP-G6V1AVE
	Logon ID:		0x8f167

Cryptographic Parameters:
	Provider Name:	Microsoft Software Key Storage Provider
	Algorithm Name:	RSA
	Key Name:	TB_0_office.com
	Key Type:	%%2500

Cryptographic Operation:
	Operation:	%%2480
	Return Code:	0x0

----------------------------------------
Time Generated: 2025-02-20 01:19:04
Source Name: Microsoft-Windows-Security-Auditing
Event ID: 5379
Event Type: 8
Event Category: 13824
Message: Credential Manager credentials were read.

Subject:
	Security ID:		S-1-5-21-1476557424-617089960-3552551819-1001
	Account Name:		kcraq
	Account Domain:		DESKTOP-G6V1AVE
	Logon ID:		0x8f167
	Read Operation:		%%8100

This event occurs when a user performs a read operation on stored credentials in Credential Manager.

----------------------------------------
Time Generated: 2025-02-20 01:19:04
Source Name: Microsoft-Windows-Security-Auditing
Event ID: 5379
Event Type: 8
Event Category: 13824
Message: Credential Manager credentials were read.

Subject:
	Security ID:		S-1-5-21-1476557424-617089960-3552551819-1001
	Account Name:		kcraq
	Account Domain:		DESKTOP-G6V1AVE
	Logon ID:		0x8f167
	Read Operation:		%%8100

This event occurs when a user performs a read operation on stored credentials in Credential Manager.

----------------------------------------
Time Generated: 2025-02-20 01:19:04
Source Name: Microsoft-Windows-Security-Auditing
Event ID: 5379
Event Type: 8
Event Category: 13824
Message: Credential Manager credentials were read.

Subject:
	Security ID:		S-1-5-21-1476557424-617089960-3552551819-1001
	Account Name:		kcraq
	Account Domain:		DESKTOP-G6V1AVE
	Logon ID:		0x8f167
	Read Operation:		%%8100

This event occurs when a user performs a read operation on stored credentials in Credential Manager.

----------------------------------------
Time Generated: 2025-02-20 01:19:04
Source Name: Microsoft-Windows-Security-Auditing
Event ID: 5379
Event Type: 8
Event Category: 13824
Message: Credential Manager credentials were read.

Subject:
	Security ID:		S-1-5-21-1476557424-617089960-3552551819-1001
	Account Name:		kcraq
	Account Domain:		DESKTOP-G6V1AVE
	Logon ID:		0x8f167
	Read Operation:		%%8100

This event occurs when a user performs a read operation on stored credentials in Credential Manager.

----------------------------------------
Time Generated: 2025-02-20 01:19:04
Source Name: Microsoft-Windows-Security-Auditing
Event ID: 5379
Event Type: 8
Event Category: 13824
Message: Credential Manager credentials were read.

Subject:
	Security ID:		S-1-5-21-1476557424-617089960-3552551819-1001
	Account Name:		kcraq
	Account Domain:		DESKTOP-G6V1AVE
	Logon ID:		0x8f167
	Read Operation:		%%8100

This event occurs when a user performs a read operation on stored credentials in Credential Manager.

----------------------------------------
Time Generated: 2025-02-20 01:19:04
Source Name: Microsoft-Windows-Security-Auditing
Event ID: 5379
Event Type: 8
Event Category: 13824
Message: Credential Manager credentials were read.

Subject:
	Security ID:		S-1-5-21-1476557424-617089960-3552551819-1001
	Account Name:		kcraq
	Account Domain:		DESKTOP-G6V1AVE
	Logon ID:		0x8f167
	Read Operation:		%%8100

This event occurs when a user performs a read operation on stored credentials in Credential Manager.

----------------------------------------
Time Generated: 2025-02-20 01:19:04
Source Name: Microsoft-Windows-Security-Auditing
Event ID: 5379
Event Type: 8
Event Category: 13824
Message: Credential Manager credentials were read.

Subject:
	Security ID:		S-1-5-21-1476557424-617089960-3552551819-1001
	Account Name:		kcraq
	Account Domain:		DESKTOP-G6V1AVE
	Logon ID:		0x8f167
	Read Operation:		%%8100

This event occurs when a user performs a read operation on stored credentials in Credential Manager.

----------------------------------------
Time Generated: 2025-02-20 01:19:04
Source Name: Microsoft-Windows-Security-Auditing
Event ID: 5379
Event Type: 8
Event Category: 13824
Message: Credential Manager credentials were read.

Subject:
	Security ID:		S-1-5-21-1476557424-617089960-3552551819-1001
	Account Name:		kcraq
	Account Domain:		DESKTOP-G6V1AVE
	Logon ID:		0x8f167
	Read Operation:		%%8100

This event occurs when a user performs a read operation on stored credentials in Credential Manager.

----------------------------------------
Time Generated: 2025-02-20 01:19:04
Source Name: Microsoft-Windows-Security-Auditing
Event ID: 5379
Event Type: 8
Event Category: 13824
Message: Credential Manager credentials were read.

Subject:
	Security ID:		S-1-5-21-1476557424-617089960-3552551819-1001
	Account Name:		kcraq
	Account Domain:		DESKTOP-G6V1AVE
	Logon ID:		0x8f167
	Read Operation:		%%8100

This event occurs when a user performs a read operation on stored credentials in Credential Manager.

----------------------------------------
Time Generated: 2025-02-20 01:19:04
Source Name: Microsoft-Windows-Security-Auditing
Event ID: 5379
Event Type: 8
Event Category: 13824
Message: Credential Manager credentials were read.

Subject:
	Security ID:		S-1-5-21-1476557424-617089960-3552551819-1001
	Account Name:		kcraq
	Account Domain:		DESKTOP-G6V1AVE
	Logon ID:		0x8f167
	Read Operation:		%%8100

This event occurs when a user performs a read operation on stored credentials in Credential Manager.

----------------------------------------
Time Generated: 2025-02-20 01:19:04
Source Name: Microsoft-Windows-Security-Auditing
Event ID: 5379
Event Type: 8
Event Category: 13824
Message: Credential Manager credentials were read.

Subject:
	Security ID:		S-1-5-21-1476557424-617089960-3552551819-1001
	Account Name:		kcraq
	Account Domain:		DESKTOP-G6V1AVE
	Logon ID:		0x8f167
	Read Operation:		%%8100

This event occurs when a user performs a read operation on stored credentials in Credential Manager.

----------------------------------------
Time Generated: 2025-02-20 01:19:04
Source Name: Microsoft-Windows-Security-Auditing
Event ID: 5379
Event Type: 8
Event Category: 13824
Message: Credential Manager credentials were read.

Subject:
	Security ID:		S-1-5-21-1476557424-617089960-3552551819-1001
	Account Name:		kcraq
	Account Domain:		DESKTOP-G6V1AVE
	Logon ID:		0x8f167
	Read Operation:		%%8100

This event occurs when a user performs a read operation on stored credentials in Credential Manager.

----------------------------------------
Time Generated: 2025-02-20 01:19:04
Source Name: Microsoft-Windows-Security-Auditing
Event ID: 5379
Event Type: 8
Event Category: 13824
Message: Credential Manager credentials were read.

Subject:
	Security ID:		S-1-5-21-1476557424-617089960-3552551819-1001
	Account Name:		kcraq
	Account Domain:		DESKTOP-G6V1AVE
	Logon ID:		0x8f167
	Read Operation:		%%8100

This event occurs when a user performs a read operation on stored credentials in Credential Manager.

----------------------------------------
Time Generated: 2025-02-20 01:19:04
Source Name: Microsoft-Windows-Security-Auditing
Event ID: 5379
Event Type: 8
Event Category: 13824
Message: Credential Manager credentials were read.

Subject:
	Security ID:		S-1-5-21-1476557424-617089960-3552551819-1001
	Account Name:		kcraq
	Account Domain:		DESKTOP-G6V1AVE
	Logon ID:		0x8f167
	Read Operation:		%%8100

This event occurs when a user performs a read operation on stored credentials in Credential Manager.

----------------------------------------
Time Generated: 2025-02-20 01:19:04
Source Name: Microsoft-Windows-Security-Auditing
Event ID: 5379
Event Type: 8
Event Category: 13824
Message: Credential Manager credentials were read.

Subject:
	Security ID:		S-1-5-21-1476557424-617089960-3552551819-1001
	Account Name:		kcraq
	Account Domain:		DESKTOP-G6V1AVE
	Logon ID:		0x8f167
	Read Operation:		%%8100

This event occurs when a user performs a read operation on stored credentials in Credential Manager.

----------------------------------------
Time Generated: 2025-02-20 01:19:04
Source Name: Microsoft-Windows-Security-Auditing
Event ID: 5379
Event Type: 8
Event Category: 13824
Message: Credential Manager credentials were read.

Subject:
	Security ID:		S-1-5-21-1476557424-617089960-3552551819-1001
	Account Name:		kcraq
	Account Domain:		DESKTOP-G6V1AVE
	Logon ID:		0x8f167
	Read Operation:		%%8100

This event occurs when a user performs a read operation on stored credentials in Credential Manager.

----------------------------------------
Time Generated: 2025-02-20 01:19:04
Source Name: Microsoft-Windows-Security-Auditing
Event ID: 5379
Event Type: 8
Event Category: 13824
Message: Credential Manager credentials were read.

Subject:
	Security ID:		S-1-5-21-1476557424-617089960-3552551819-1001
	Account Name:		kcraq
	Account Domain:		DESKTOP-G6V1AVE
	Logon ID:		0x8f167
	Read Operation:		%%8100

This event occurs when a user performs a read operation on stored credentials in Credential Manager.

----------------------------------------
Time Generated: 2025-02-20 01:19:04
Source Name: Microsoft-Windows-Security-Auditing
Event ID: 5379
Event Type: 8
Event Category: 13824
Message: Credential Manager credentials were read.

Subject:
	Security ID:		S-1-5-21-1476557424-617089960-3552551819-1001
	Account Name:		kcraq
	Account Domain:		DESKTOP-G6V1AVE
	Logon ID:		0x8f167
	Read Operation:		%%8100

This event occurs when a user performs a read operation on stored credentials in Credential Manager.

----------------------------------------
Time Generated: 2025-02-20 01:19:04
Source Name: Microsoft-Windows-Security-Auditing
Event ID: 5379
Event Type: 8
Event Category: 13824
Message: Credential Manager credentials were read.

Subject:
	Security ID:		S-1-5-21-1476557424-617089960-3552551819-1001
	Account Name:		kcraq
	Account Domain:		DESKTOP-G6V1AVE
	Logon ID:		0x8f167
	Read Operation:		%%8100

This event occurs when a user performs a read operation on stored credentials in Credential Manager.

----------------------------------------
Time Generated: 2025-02-20 01:19:04
Source Name: Microsoft-Windows-Security-Auditing
Event ID: 5379
Event Type: 8
Event Category: 13824
Message: Credential Manager credentials were read.

Subject:
	Security ID:		S-1-5-21-1476557424-617089960-3552551819-1001
	Account Name:		kcraq
	Account Domain:		DESKTOP-G6V1AVE
	Logon ID:		0x8f167
	Read Operation:		%%8100

This event occurs when a user performs a read operation on stored credentials in Credential Manager.

----------------------------------------
Time Generated: 2025-02-20 01:19:04
Source Name: Microsoft-Windows-Security-Auditing
Event ID: 5379
Event Type: 8
Event Category: 13824
Message: Credential Manager credentials were read.

Subject:
	Security ID:		S-1-5-21-1476557424-617089960-3552551819-1001
	Account Name:		kcraq
	Account Domain:		DESKTOP-G6V1AVE
	Logon ID:		0x8f167
	Read Operation:		%%8100

This event occurs when a user performs a read operation on stored credentials in Credential Manager.

----------------------------------------
Time Generated: 2025-02-20 01:19:04
Source Name: Microsoft-Windows-Security-Auditing
Event ID: 5379
Event Type: 8
Event Category: 13824
Message: Credential Manager credentials were read.

Subject:
	Security ID:		S-1-5-21-1476557424-617089960-3552551819-1001
	Account Name:		kcraq
	Account Domain:		DESKTOP-G6V1AVE
	Logon ID:		0x8f167
	Read Operation:		%%8100

This event occurs when a user performs a read operation on stored credentials in Credential Manager.

----------------------------------------
Time Generated: 2025-02-20 01:19:04
Source Name: Microsoft-Windows-Security-Auditing
Event ID: 5379
Event Type: 8
Event Category: 13824
Message: Credential Manager credentials were read.

Subject:
	Security ID:		S-1-5-21-1476557424-617089960-3552551819-1001
	Account Name:		kcraq
	Account Domain:		DESKTOP-G6V1AVE
	Logon ID:		0x8f167
	Read Operation:		%%8100

This event occurs when a user performs a read operation on stored credentials in Credential Manager.

----------------------------------------
Time Generated: 2025-02-20 01:19:04
Source Name: Microsoft-Windows-Security-Auditing
Event ID: 5379
Event Type: 8
Event Category: 13824
Message: Credential Manager credentials were read.

Subject:
	Security ID:		S-1-5-21-1476557424-617089960-3552551819-1001
	Account Name:		kcraq
	Account Domain:		DESKTOP-G6V1AVE
	Logon ID:		0x8f167
	Read Operation:		%%8100

This event occurs when a user performs a read operation on stored credentials in Credential Manager.

----------------------------------------
Time Generated: 2025-02-20 01:19:04
Source Name: Microsoft-Windows-Security-Auditing
Event ID: 5379
Event Type: 8
Event Category: 13824
Message: Credential Manager credentials were read.

Subject:
	Security ID:		S-1-5-21-1476557424-617089960-3552551819-1001
	Account Name:		kcraq
	Account Domain:		DESKTOP-G6V1AVE
	Logon ID:		0x8f167
	Read Operation:		%%8100

This event occurs when a user performs a read operation on stored credentials in Credential Manager.

----------------------------------------
Time Generated: 2025-02-20 01:19:04
Source Name: Microsoft-Windows-Security-Auditing
Event ID: 5379
Event Type: 8
Event Category: 13824
Message: Credential Manager credentials were read.

Subject:
	Security ID:		S-1-5-21-1476557424-617089960-3552551819-1001
	Account Name:		kcraq
	Account Domain:		DESKTOP-G6V1AVE
	Logon ID:		0x8f167
	Read Operation:		%%8100

This event occurs when a user performs a read operation on stored credentials in Credential Manager.

----------------------------------------
Time Generated: 2025-02-20 01:19:04
Source Name: Microsoft-Windows-Security-Auditing
Event ID: 5379
Event Type: 8
Event Category: 13824
Message: Credential Manager credentials were read.

Subject:
	Security ID:		S-1-5-21-1476557424-617089960-3552551819-1001
	Account Name:		kcraq
	Account Domain:		DESKTOP-G6V1AVE
	Logon ID:		0x8f167
	Read Operation:		%%8100

This event occurs when a user performs a read operation on stored credentials in Credential Manager.

----------------------------------------
Time Generated: 2025-02-20 01:19:04
Source Name: Microsoft-Windows-Security-Auditing
Event ID: 5379
Event Type: 8
Event Category: 13824
Message: Credential Manager credentials were read.

Subject:
	Security ID:		S-1-5-21-1476557424-617089960-3552551819-1001
	Account Name:		kcraq
	Account Domain:		DESKTOP-G6V1AVE
	Logon ID:		0x8f167
	Read Operation:		%%8100

This event occurs when a user performs a read operation on stored credentials in Credential Manager.

----------------------------------------
Time Generated: 2025-02-20 01:19:04
Source Name: Microsoft-Windows-Security-Auditing
Event ID: 5379
Event Type: 8
Event Category: 13824
Message: Credential Manager credentials were read.

Subject:
	Security ID:		S-1-5-21-1476557424-617089960-3552551819-1001
	Account Name:		kcraq
	Account Domain:		DESKTOP-G6V1AVE
	Logon ID:		0x8f167
	Read Operation:		%%8100

This event occurs when a user performs a read operation on stored credentials in Credential Manager.

----------------------------------------
Time Generated: 2025-02-20 01:19:04
Source Name: Microsoft-Windows-Security-Auditing
Event ID: 5379
Event Type: 8
Event Category: 13824
Message: Credential Manager credentials were read.

Subject:
	Security ID:		S-1-5-21-1476557424-617089960-3552551819-1001
	Account Name:		kcraq
	Account Domain:		DESKTOP-G6V1AVE
	Logon ID:		0x8f167
	Read Operation:		%%8100

This event occurs when a user performs a read operation on stored credentials in Credential Manager.

----------------------------------------
Time Generated: 2025-02-20 01:19:04
Source Name: Microsoft-Windows-Security-Auditing
Event ID: 5379
Event Type: 8
Event Category: 13824
Message: Credential Manager credentials were read.

Subject:
	Security ID:		S-1-5-21-1476557424-617089960-3552551819-1001
	Account Name:		kcraq
	Account Domain:		DESKTOP-G6V1AVE
	Logon ID:		0x8f167
	Read Operation:		%%8100

This event occurs when a user performs a read operation on stored credentials in Credential Manager.

----------------------------------------
Time Generated: 2025-02-20 01:19:04
Source Name: Microsoft-Windows-Security-Auditing
Event ID: 5379
Event Type: 8
Event Category: 13824
Message: Credential Manager credentials were read.

Subject:
	Security ID:		S-1-5-21-1476557424-617089960-3552551819-1001
	Account Name:		kcraq
	Account Domain:		DESKTOP-G6V1AVE
	Logon ID:		0x8f167
	Read Operation:		%%8100

This event occurs when a user performs a read operation on stored credentials in Credential Manager.

----------------------------------------
Time Generated: 2025-02-20 01:19:04
Source Name: Microsoft-Windows-Security-Auditing
Event ID: 5379
Event Type: 8
Event Category: 13824
Message: Credential Manager credentials were read.

Subject:
	Security ID:		S-1-5-21-1476557424-617089960-3552551819-1001
	Account Name:		kcraq
	Account Domain:		DESKTOP-G6V1AVE
	Logon ID:		0x8f167
	Read Operation:		%%8100

This event occurs when a user performs a read operation on stored credentials in Credential Manager.

----------------------------------------
Time Generated: 2025-02-20 01:19:04
Source Name: Microsoft-Windows-Security-Auditing
Event ID: 5379
Event Type: 8
Event Category: 13824
Message: Credential Manager credentials were read.

Subject:
	Security ID:		S-1-5-21-1476557424-617089960-3552551819-1001
	Account Name:		kcraq
	Account Domain:		DESKTOP-G6V1AVE
	Logon ID:		0x8f167
	Read Operation:		%%8100

This event occurs when a user performs a read operation on stored credentials in Credential Manager.

----------------------------------------
Time Generated: 2025-02-20 01:19:04
Source Name: Microsoft-Windows-Security-Auditing
Event ID: 5379
Event Type: 8
Event Category: 13824
Message: Credential Manager credentials were read.

Subject:
	Security ID:		S-1-5-21-1476557424-617089960-3552551819-1001
	Account Name:		kcraq
	Account Domain:		DESKTOP-G6V1AVE
	Logon ID:		0x8f167
	Read Operation:		%%8100

This event occurs when a user performs a read operation on stored credentials in Credential Manager.

----------------------------------------
Time Generated: 2025-02-20 01:19:04
Source Name: Microsoft-Windows-Security-Auditing
Event ID: 5379
Event Type: 8
Event Category: 13824
Message: Credential Manager credentials were read.

Subject:
	Security ID:		S-1-5-21-1476557424-617089960-3552551819-1001
	Account Name:		kcraq
	Account Domain:		DESKTOP-G6V1AVE
	Logon ID:		0x8f167
	Read Operation:		%%8100

This event occurs when a user performs a read operation on stored credentials in Credential Manager.

----------------------------------------
Time Generated: 2025-02-20 01:19:04
Source Name: Microsoft-Windows-Security-Auditing
Event ID: 5379
Event Type: 8
Event Category: 13824
Message: Credential Manager credentials were read.

Subject:
	Security ID:		S-1-5-21-1476557424-617089960-3552551819-1001
	Account Name:		kcraq
	Account Domain:		DESKTOP-G6V1AVE
	Logon ID:		0x8f167
	Read Operation:		%%8100

This event occurs when a user performs a read operation on stored credentials in Credential Manager.

----------------------------------------
Time Generated: 2025-02-20 01:19:04
Source Name: Microsoft-Windows-Security-Auditing
Event ID: 5379
Event Type: 8
Event Category: 13824
Message: Credential Manager credentials were read.

Subject:
	Security ID:		S-1-5-21-1476557424-617089960-3552551819-1001
	Account Name:		kcraq
	Account Domain:		DESKTOP-G6V1AVE
	Logon ID:		0x8f167
	Read Operation:		%%8100

This event occurs when a user performs a read operation on stored credentials in Credential Manager.

----------------------------------------
Time Generated: 2025-02-20 01:19:04
Source Name: Microsoft-Windows-Security-Auditing
Event ID: 5379
Event Type: 8
Event Category: 13824
Message: Credential Manager credentials were read.

Subject:
	Security ID:		S-1-5-21-1476557424-617089960-3552551819-1001
	Account Name:		kcraq
	Account Domain:		DESKTOP-G6V1AVE
	Logon ID:		0x8f167
	Read Operation:		%%8100

This event occurs when a user performs a read operation on stored credentials in Credential Manager.

----------------------------------------
Time Generated: 2025-02-20 01:19:04
Source Name: Microsoft-Windows-Security-Auditing
Event ID: 5379
Event Type: 8
Event Category: 13824
Message: Credential Manager credentials were read.

Subject:
	Security ID:		S-1-5-21-1476557424-617089960-3552551819-1001
	Account Name:		kcraq
	Account Domain:		DESKTOP-G6V1AVE
	Logon ID:		0x8f167
	Read Operation:		%%8100

This event occurs when a user performs a read operation on stored credentials in Credential Manager.

----------------------------------------
Time Generated: 2025-02-20 01:19:04
Source Name: Microsoft-Windows-Security-Auditing
Event ID: 5379
Event Type: 8
Event Category: 13824
Message: Credential Manager credentials were read.

Subject:
	Security ID:		S-1-5-21-1476557424-617089960-3552551819-1001
	Account Name:		kcraq
	Account Domain:		DESKTOP-G6V1AVE
	Logon ID:		0x8f167
	Read Operation:		%%8100

This event occurs when a user performs a read operation on stored credentials in Credential Manager.

----------------------------------------
Time Generated: 2025-02-20 01:19:04
Source Name: Microsoft-Windows-Security-Auditing
Event ID: 5379
Event Type: 8
Event Category: 13824
Message: Credential Manager credentials were read.

Subject:
	Security ID:		S-1-5-21-1476557424-617089960-3552551819-1001
	Account Name:		kcraq
	Account Domain:		DESKTOP-G6V1AVE
	Logon ID:		0x8f167
	Read Operation:		%%8099

This event occurs when a user performs a read operation on stored credentials in Credential Manager.

----------------------------------------
Time Generated: 2025-02-20 01:19:04
Source Name: Microsoft-Windows-Security-Auditing
Event ID: 5379
Event Type: 8
Event Category: 13824
Message: Credential Manager credentials were read.

Subject:
	Security ID:		S-1-5-21-1476557424-617089960-3552551819-1001
	Account Name:		kcraq
	Account Domain:		DESKTOP-G6V1AVE
	Logon ID:		0x8f167
	Read Operation:		%%8100

This event occurs when a user performs a read operation on stored credentials in Credential Manager.

----------------------------------------
Time Generated: 2025-02-20 01:19:04
Source Name: Microsoft-Windows-Security-Auditing
Event ID: 5379
Event Type: 8
Event Category: 13824
Message: Credential Manager credentials were read.

Subject:
	Security ID:		S-1-5-21-1476557424-617089960-3552551819-1001
	Account Name:		kcraq
	Account Domain:		DESKTOP-G6V1AVE
	Logon ID:		0x8f167
	Read Operation:		%%8100

This event occurs when a user performs a read operation on stored credentials in Credential Manager.

----------------------------------------
Time Generated: 2025-02-20 01:19:04
Source Name: Microsoft-Windows-Security-Auditing
Event ID: 5379
Event Type: 8
Event Category: 13824
Message: Credential Manager credentials were read.

Subject:
	Security ID:		S-1-5-21-1476557424-617089960-3552551819-1001
	Account Name:		kcraq
	Account Domain:		DESKTOP-G6V1AVE
	Logon ID:		0x8f167
	Read Operation:		%%8100

This event occurs when a user performs a read operation on stored credentials in Credential Manager.

----------------------------------------
Time Generated: 2025-02-20 01:19:04
Source Name: Microsoft-Windows-Security-Auditing
Event ID: 5379
Event Type: 8
Event Category: 13824
Message: Credential Manager credentials were read.

Subject:
	Security ID:		S-1-5-21-1476557424-617089960-3552551819-1001
	Account Name:		kcraq
	Account Domain:		DESKTOP-G6V1AVE
	Logon ID:		0x8f167
	Read Operation:		%%8100

This event occurs when a user performs a read operation on stored credentials in Credential Manager.

----------------------------------------
Time Generated: 2025-02-20 01:19:04
Source Name: Microsoft-Windows-Security-Auditing
Event ID: 5379
Event Type: 8
Event Category: 13824
Message: Credential Manager credentials were read.

Subject:
	Security ID:		S-1-5-21-1476557424-617089960-3552551819-1001
	Account Name:		kcraq
	Account Domain:		DESKTOP-G6V1AVE
	Logon ID:		0x8f167
	Read Operation:		%%8100

This event occurs when a user performs a read operation on stored credentials in Credential Manager.

----------------------------------------
Time Generated: 2025-02-20 01:19:04
Source Name: Microsoft-Windows-Security-Auditing
Event ID: 5379
Event Type: 8
Event Category: 13824
Message: Credential Manager credentials were read.

Subject:
	Security ID:		S-1-5-21-1476557424-617089960-3552551819-1001
	Account Name:		kcraq
	Account Domain:		DESKTOP-G6V1AVE
	Logon ID:		0x8f167
	Read Operation:		%%8100

This event occurs when a user performs a read operation on stored credentials in Credential Manager.

----------------------------------------
Time Generated: 2025-02-20 01:19:04
Source Name: Microsoft-Windows-Security-Auditing
Event ID: 5379
Event Type: 8
Event Category: 13824
Message: Credential Manager credentials were read.

Subject:
	Security ID:		S-1-5-21-1476557424-617089960-3552551819-1001
	Account Name:		kcraq
	Account Domain:		DESKTOP-G6V1AVE
	Logon ID:		0x8f167
	Read Operation:		%%8100

This event occurs when a user performs a read operation on stored credentials in Credential Manager.

----------------------------------------
Time Generated: 2025-02-20 01:19:04
Source Name: Microsoft-Windows-Security-Auditing
Event ID: 5379
Event Type: 8
Event Category: 13824
Message: Credential Manager credentials were read.

Subject:
	Security ID:		S-1-5-21-1476557424-617089960-3552551819-1001
	Account Name:		kcraq
	Account Domain:		DESKTOP-G6V1AVE
	Logon ID:		0x8f167
	Read Operation:		%%8100

This event occurs when a user performs a read operation on stored credentials in Credential Manager.

----------------------------------------
Time Generated: 2025-02-20 01:19:04
Source Name: Microsoft-Windows-Security-Auditing
Event ID: 5379
Event Type: 8
Event Category: 13824
Message: Credential Manager credentials were read.

Subject:
	Security ID:		S-1-5-21-1476557424-617089960-3552551819-1001
	Account Name:		kcraq
	Account Domain:		DESKTOP-G6V1AVE
	Logon ID:		0x8f167
	Read Operation:		%%8100

This event occurs when a user performs a read operation on stored credentials in Credential Manager.

----------------------------------------
Time Generated: 2025-02-20 01:19:04
Source Name: Microsoft-Windows-Security-Auditing
Event ID: 5379
Event Type: 8
Event Category: 13824
Message: Credential Manager credentials were read.

Subject:
	Security ID:		S-1-5-21-1476557424-617089960-3552551819-1001
	Account Name:		kcraq
	Account Domain:		DESKTOP-G6V1AVE
	Logon ID:		0x8f167
	Read Operation:		%%8100

This event occurs when a user performs a read operation on stored credentials in Credential Manager.

----------------------------------------
Time Generated: 2025-02-20 01:19:04
Source Name: Microsoft-Windows-Security-Auditing
Event ID: 5379
Event Type: 8
Event Category: 13824
Message: Credential Manager credentials were read.

Subject:
	Security ID:		S-1-5-21-1476557424-617089960-3552551819-1001
	Account Name:		kcraq
	Account Domain:		DESKTOP-G6V1AVE
	Logon ID:		0x8f167
	Read Operation:		%%8100

This event occurs when a user performs a read operation on stored credentials in Credential Manager.

----------------------------------------
Time Generated: 2025-02-20 01:19:04
Source Name: Microsoft-Windows-Security-Auditing
Event ID: 5379
Event Type: 8
Event Category: 13824
Message: Credential Manager credentials were read.

Subject:
	Security ID:		S-1-5-21-1476557424-617089960-3552551819-1001
	Account Name:		kcraq
	Account Domain:		DESKTOP-G6V1AVE
	Logon ID:		0x8f167
	Read Operation:		%%8100

This event occurs when a user performs a read operation on stored credentials in Credential Manager.

----------------------------------------
Time Generated: 2025-02-20 01:19:04
Source Name: Microsoft-Windows-Security-Auditing
Event ID: 5379
Event Type: 8
Event Category: 13824
Message: Credential Manager credentials were read.

Subject:
	Security ID:		S-1-5-21-1476557424-617089960-3552551819-1001
	Account Name:		kcraq
	Account Domain:		DESKTOP-G6V1AVE
	Logon ID:		0x8f167
	Read Operation:		%%8100

This event occurs when a user performs a read operation on stored credentials in Credential Manager.

----------------------------------------
Time Generated: 2025-02-20 01:19:04
Source Name: Microsoft-Windows-Security-Auditing
Event ID: 5379
Event Type: 8
Event Category: 13824
Message: Credential Manager credentials were read.

Subject:
	Security ID:		S-1-5-21-1476557424-617089960-3552551819-1001
	Account Name:		kcraq
	Account Domain:		DESKTOP-G6V1AVE
	Logon ID:		0x8f167
	Read Operation:		%%8100

This event occurs when a user performs a read operation on stored credentials in Credential Manager.

----------------------------------------
Time Generated: 2025-02-20 01:19:04
Source Name: Microsoft-Windows-Security-Auditing
Event ID: 5379
Event Type: 8
Event Category: 13824
Message: Credential Manager credentials were read.

Subject:
	Security ID:		S-1-5-21-1476557424-617089960-3552551819-1001
	Account Name:		kcraq
	Account Domain:		DESKTOP-G6V1AVE
	Logon ID:		0x8f167
	Read Operation:		%%8100

This event occurs when a user performs a read operation on stored credentials in Credential Manager.

----------------------------------------
Time Generated: 2025-02-20 01:19:04
Source Name: Microsoft-Windows-Security-Auditing
Event ID: 5061
Event Type: 8
Event Category: 12290
Message: Cryptographic operation.

Subject:
	Security ID:		S-1-5-21-1476557424-617089960-3552551819-1001
	Account Name:		kcraq
	Account Domain:		DESKTOP-G6V1AVE
	Logon ID:		0x8f167

Cryptographic Parameters:
	Provider Name:	Microsoft Software Key Storage Provider
	Algorithm Name:	RSA
	Key Name:	TB_0_msn.com
	Key Type:	%%2500

Cryptographic Operation:
	Operation:	%%2480
	Return Code:	0x0

----------------------------------------
Time Generated: 2025-02-20 01:19:04
Source Name: Microsoft-Windows-Security-Auditing
Event ID: 5379
Event Type: 8
Event Category: 13824
Message: Credential Manager credentials were read.

Subject:
	Security ID:		S-1-5-21-1476557424-617089960-3552551819-1001
	Account Name:		kcraq
	Account Domain:		DESKTOP-G6V1AVE
	Logon ID:		0x8f167
	Read Operation:		%%8100

This event occurs when a user performs a read operation on stored credentials in Credential Manager.

----------------------------------------
Time Generated: 2025-02-20 01:19:04
Source Name: Microsoft-Windows-Security-Auditing
Event ID: 5379
Event Type: 8
Event Category: 13824
Message: Credential Manager credentials were read.

Subject:
	Security ID:		S-1-5-21-1476557424-617089960-3552551819-1001
	Account Name:		kcraq
	Account Domain:		DESKTOP-G6V1AVE
	Logon ID:		0x8f167
	Read Operation:		%%8100

This event occurs when a user performs a read operation on stored credentials in Credential Manager.

----------------------------------------
Time Generated: 2025-02-20 01:19:04
Source Name: Microsoft-Windows-Security-Auditing
Event ID: 5379
Event Type: 8
Event Category: 13824
Message: Credential Manager credentials were read.

Subject:
	Security ID:		S-1-5-21-1476557424-617089960-3552551819-1001
	Account Name:		kcraq
	Account Domain:		DESKTOP-G6V1AVE
	Logon ID:		0x8f167
	Read Operation:		%%8100

This event occurs when a user performs a read operation on stored credentials in Credential Manager.

----------------------------------------
